"../../../Engine/Content/EditorResources/S_Actor.ubulk" 0
"../../../Engine/Content/EditorResources/S_Actor.uasset" 1
"../../../Engine/Content/EditorResources/S_Actor.uexp" 2
"../../../Engine/Content/EditorResources/S_BoxReflectionCapture.uasset" 3
"../../../Engine/Content/EditorResources/S_BoxReflectionCapture.uexp" 4
"../../../Engine/Content/EngineResources/DefaultTexture.ubulk" 5
"../../../Engine/Content/EngineResources/DefaultTexture.uasset" 6
"../../../Engine/Content/EngineResources/DefaultTexture.uexp" 7
"../../../Engine/Content/EngineResources/DefaultTextureCube.uasset" 8
"../../../Engine/Content/EngineResources/DefaultTextureCube.uexp" 9
"../../../Engine/Content/EngineResources/DefaultVolumeTexture2D.uasset" 10
"../../../Engine/Content/EngineResources/DefaultVolumeTexture2D.uexp" 11
"../../../Engine/Content/EngineResources/DefaultVolumeTexture.uasset" 12
"../../../Engine/Content/EngineResources/DefaultVolumeTexture.uexp" 13
"../../../Engine/Content/EditorResources/S_Trigger.ubulk" 14
"../../../Engine/Content/EditorResources/S_Trigger.uasset" 15
"../../../Engine/Content/EditorResources/S_Trigger.uexp" 16
"../../../Engine/Content/EditorResources/S_TriggerBox.uasset" 17
"../../../Engine/Content/EditorResources/S_TriggerBox.uexp" 18
"../../../Engine/Content/EditorResources/S_TriggerCapsule.uasset" 19
"../../../Engine/Content/EditorResources/S_TriggerCapsule.uexp" 20
"../../../Engine/Content/EditorResources/S_TriggerSphere.uasset" 21
"../../../Engine/Content/EditorResources/S_TriggerSphere.uexp" 22
"../../../Engine/Content/EngineMeshes/Sphere.ubulk" 23
"../../../Engine/Content/EngineMeshes/Sphere.uasset" 24
"../../../Engine/Content/EngineMeshes/Sphere.uexp" 25
"../../../Engine/Content/EngineResources/GradientTexture0.uasset" 26
"../../../Engine/Content/EngineResources/GradientTexture0.uexp" 27
"../../../Engine/Content/EngineResources/Black.uasset" 28
"../../../Engine/Content/EngineResources/Black.uexp" 29
"../../../Engine/Content/VREditor/LaserPointer/VR_LaserPower_01.ubulk" 30
"../../../Engine/Content/VREditor/LaserPointer/VR_LaserPower_01.uasset" 31
"../../../Engine/Content/VREditor/LaserPointer/VR_LaserPower_01.uexp" 32
"../../../Engine/Content/VREditor/TransformGizmo/TransformGizmoMaterial.uasset" 33
"../../../Engine/Content/VREditor/TransformGizmo/TransformGizmoMaterial.uexp" 34
"../../../Engine/Content/VREditor/TransformGizmo/TranslucentTransformGizmoMaterial.uasset" 35
"../../../Engine/Content/VREditor/TransformGizmo/TranslucentTransformGizmoMaterial.uexp" 36
"../../../Engine/Content/VREditor/TransformGizmo/PlaneTranslationHandle.ubulk" 37
"../../../Engine/Content/VREditor/TransformGizmo/PlaneTranslationHandle.uasset" 38
"../../../Engine/Content/VREditor/TransformGizmo/PlaneTranslationHandle.uexp" 39
"../../../Engine/Content/VREditor/TransformGizmo/BoundingBoxCorner.ubulk" 40
"../../../Engine/Content/VREditor/TransformGizmo/BoundingBoxCorner.uasset" 41
"../../../Engine/Content/VREditor/TransformGizmo/BoundingBoxCorner.uexp" 42
"../../../Engine/Content/VREditor/TransformGizmo/BoundingBoxEdge.ubulk" 43
"../../../Engine/Content/VREditor/TransformGizmo/BoundingBoxEdge.uasset" 44
"../../../Engine/Content/VREditor/TransformGizmo/BoundingBoxEdge.uexp" 45
"../../../Engine/Content/VREditor/TransformGizmo/Main.uasset" 46
"../../../Engine/Content/VREditor/TransformGizmo/Main.uexp" 47
"../../../Engine/Content/VREditor/TransformGizmo/Xray.uasset" 48
"../../../Engine/Content/VREditor/TransformGizmo/Xray.uexp" 49
"../../../Engine/Content/VREditor/TransformGizmo/SM_Sequencer_Node.ubulk" 50
"../../../Engine/Content/VREditor/TransformGizmo/SM_Sequencer_Node.uasset" 51
"../../../Engine/Content/VREditor/TransformGizmo/SM_Sequencer_Node.uexp" 52
"../../../Engine/Content/EditorMaterials/Camera/CineMat.uasset" 53
"../../../Engine/Content/EditorMaterials/Camera/CineMat.uexp" 54
"../../../Engine/Content/EditorMaterials/Camera/MI_CineMat_Rig.uasset" 55
"../../../Engine/Content/EditorMaterials/Camera/MI_CineMat_Rig.uexp" 56
"../../../Engine/Content/EditorMeshes/Camera/SM_CraneRig_Base.ubulk" 57
"../../../Engine/Content/EditorMeshes/Camera/SM_CraneRig_Base.uasset" 58
"../../../Engine/Content/EditorMeshes/Camera/SM_CraneRig_Base.uexp" 59
"../../../Engine/Content/EditorMeshes/Camera/SM_CraneRig_Arm.ubulk" 60
"../../../Engine/Content/EditorMeshes/Camera/SM_CraneRig_Arm.uasset" 61
"../../../Engine/Content/EditorMeshes/Camera/SM_CraneRig_Arm.uexp" 62
"../../../Engine/Content/EditorMeshes/Camera/SM_CraneRig_Mount.ubulk" 63
"../../../Engine/Content/EditorMeshes/Camera/SM_CraneRig_Mount.uasset" 64
"../../../Engine/Content/EditorMeshes/Camera/SM_CraneRig_Mount.uexp" 65
"../../../Engine/Content/EditorMeshes/Camera/SM_CraneRig_Body.ubulk" 66
"../../../Engine/Content/EditorMeshes/Camera/SM_CraneRig_Body.uasset" 67
"../../../Engine/Content/EditorMeshes/Camera/SM_CraneRig_Body.uexp" 68
"../../../Engine/Content/EditorMeshes/Camera/SM_RailRig_Track.ubulk" 69
"../../../Engine/Content/EditorMeshes/Camera/SM_RailRig_Track.uasset" 70
"../../../Engine/Content/EditorMeshes/Camera/SM_RailRig_Track.uexp" 71
"../../../Engine/Content/EditorMeshes/Camera/SM_RailRig_Mount.ubulk" 72
"../../../Engine/Content/EditorMeshes/Camera/SM_RailRig_Mount.uasset" 73
"../../../Engine/Content/EditorMeshes/Camera/SM_RailRig_Mount.uexp" 74
"../../../Engine/Content/EngineMaterials/T_Default_Material_Grid_M.ubulk" 75
"../../../Engine/Content/EngineMaterials/T_Default_Material_Grid_M.uasset" 76
"../../../Engine/Content/EngineMaterials/T_Default_Material_Grid_M.uexp" 77
"../../../Engine/Content/EngineMaterials/T_Default_Material_Grid_N.ubulk" 78
"../../../Engine/Content/EngineMaterials/T_Default_Material_Grid_N.uasset" 79
"../../../Engine/Content/EngineMaterials/T_Default_Material_Grid_N.uexp" 80
"../../../Engine/Content/Functions/Engine_MaterialFunctions01/Opacity/CameraDepthFade.uasset" 81
"../../../Engine/Content/Functions/Engine_MaterialFunctions01/Opacity/CameraDepthFade.uexp" 82
"../../../Engine/Content/EngineMaterials/WorldGridMaterial.uasset" 83
"../../../Engine/Content/EngineMaterials/WorldGridMaterial.uexp" 84
"../../../Engine/Content/ArtTools/RenderToTexture/Meshes/S_1_Unit_Plane.ubulk" 85
"../../../Engine/Content/ArtTools/RenderToTexture/Meshes/S_1_Unit_Plane.uasset" 86
"../../../Engine/Content/ArtTools/RenderToTexture/Meshes/S_1_Unit_Plane.uexp" 87
"../../../Engine/Content/EditorMaterials/ParticleSystems/PSysThumbnail_NoImage.ubulk" 88
"../../../Engine/Content/EditorMaterials/ParticleSystems/PSysThumbnail_NoImage.uasset" 89
"../../../Engine/Content/EditorMaterials/ParticleSystems/PSysThumbnail_NoImage.uexp" 90
"../../../Engine/Content/EditorMaterials/ParticleSystems/PSysThumbnail_OOD.ubulk" 91
"../../../Engine/Content/EditorMaterials/ParticleSystems/PSysThumbnail_OOD.uasset" 92
"../../../Engine/Content/EditorMaterials/ParticleSystems/PSysThumbnail_OOD.uexp" 93
"../../../Engine/Content/EditorLandscapeResources/SplineEditorMeshMat.uasset" 94
"../../../Engine/Content/EditorLandscapeResources/SplineEditorMeshMat.uexp" 95
"../../../Engine/Content/EditorLandscapeResources/SplineEditorMesh.ubulk" 96
"../../../Engine/Content/EditorLandscapeResources/SplineEditorMesh.uasset" 97
"../../../Engine/Content/EditorLandscapeResources/SplineEditorMesh.uexp" 98
"../../../Engine/Content/EditorResources/S_Solver.ubulk" 99
"../../../Engine/Content/EditorResources/S_Solver.uasset" 100
"../../../Engine/Content/EditorResources/S_Solver.uexp" 101
"../../../Engine/Plugins/Media/MediaPlate/Content/SM_MediaPlateScreen.ubulk" 102
"../../../Engine/Plugins/Media/MediaPlate/Content/SM_MediaPlateScreen.uasset" 103
"../../../Engine/Plugins/Media/MediaPlate/Content/SM_MediaPlateScreen.uexp" 104
"../../../Engine/Content/EngineMaterials/Good64x64TilingNoiseHighFreq.uasset" 105
"../../../Engine/Content/EngineMaterials/Good64x64TilingNoiseHighFreq.uexp" 106
"../../../Engine/Content/EngineMaterials/DefaultBokeh.uasset" 107
"../../../Engine/Content/EngineMaterials/DefaultBokeh.uexp" 108
"../../../Engine/Content/EngineMaterials/PreintegratedSkinBRDF.uasset" 109
"../../../Engine/Content/EngineMaterials/PreintegratedSkinBRDF.uexp" 110
"../../../Engine/Content/EngineMaterials/MiniFont.uasset" 111
"../../../Engine/Content/EngineMaterials/MiniFont.uexp" 112
"../../../Engine/Content/EngineMaterials/WeightMapPlaceholderTexture.uasset" 113
"../../../Engine/Content/EngineMaterials/WeightMapPlaceholderTexture.uexp" 114
"../../../Engine/Content/EngineMaterials/DefaultWhiteGrid.ubulk" 115
"../../../Engine/Content/EngineMaterials/DefaultWhiteGrid.uasset" 116
"../../../Engine/Content/EngineMaterials/DefaultWhiteGrid.uexp" 117
"../../../Engine/Content/Animation/DefaultRecorderBoneCompression.uasset" 118
"../../../Engine/Content/Animation/DefaultRecorderBoneCompression.uexp" 119
"../../../Engine/Content/Animation/DefaultAnimCurveCompressionSettings.uasset" 120
"../../../Engine/Content/Animation/DefaultAnimCurveCompressionSettings.uexp" 121
"../../../Engine/Content/Animation/DefaultAnimBoneCompressionSettings.uasset" 122
"../../../Engine/Content/Animation/DefaultAnimBoneCompressionSettings.uexp" 123
"../../../Engine/Content/EngineMaterials/DefaultMaterial.uasset" 124
"../../../Engine/Content/EngineMaterials/DefaultMaterial.uexp" 125
"../../../Engine/Content/BasicShapes/Sphere.ubulk" 126
"../../../Engine/Content/BasicShapes/Sphere.uasset" 127
"../../../Engine/Content/BasicShapes/Sphere.uexp" 128
"../../../Engine/Content/BasicShapes/Plane.ubulk" 129
"../../../Engine/Content/BasicShapes/Plane.uasset" 130
"../../../Engine/Content/BasicShapes/Plane.uexp" 131
"../../../Engine/Content/BasicShapes/Cylinder.ubulk" 132
"../../../Engine/Content/BasicShapes/Cylinder.uasset" 133
"../../../Engine/Content/BasicShapes/Cylinder.uexp" 134
"../../../Engine/Content/BasicShapes/Cube.ubulk" 135
"../../../Engine/Content/BasicShapes/Cube.uasset" 136
"../../../Engine/Content/BasicShapes/Cube.uexp" 137
"../../../Engine/Content/BasicShapes/Cone.ubulk" 138
"../../../Engine/Content/BasicShapes/Cone.uasset" 139
"../../../Engine/Content/BasicShapes/Cone.uexp" 140
"../../../Engine/Content/EditorLandscapeResources/DefaultAlphaTexture.uasset" 141
"../../../Engine/Content/EditorLandscapeResources/DefaultAlphaTexture.uexp" 142
"../../../Engine/Content/EditorLandscapeResources/DataLayer.uasset" 143
"../../../Engine/Content/EditorLandscapeResources/DataLayer.uexp" 144
"../../../Engine/Content/EditorMaterials/PreviewShadowIndicator.ubulk" 145
"../../../Engine/Content/EditorMaterials/PreviewShadowIndicator.uasset" 146
"../../../Engine/Content/EditorMaterials/PreviewShadowIndicator.uexp" 147
"../../../Engine/Content/EditorMaterials/PreviewShadowIndicatorMaterial.uasset" 148
"../../../Engine/Content/EditorMaterials/PreviewShadowIndicatorMaterial.uexp" 149
"../../../Engine/Content/EditorMaterials/PhAT_UnselectedMaterial.uasset" 150
"../../../Engine/Content/EditorMaterials/PhAT_UnselectedMaterial.uexp" 151
"../../../Engine/Content/EditorMaterials/PhAT_NoCollisionMaterial.uasset" 152
"../../../Engine/Content/EditorMaterials/PhAT_NoCollisionMaterial.uexp" 153
"../../../Engine/Content/Functions/Engine_MaterialFunctions02/Utility/MakeFloat4.uasset" 154
"../../../Engine/Content/Functions/Engine_MaterialFunctions02/Utility/MakeFloat4.uexp" 155
"../../../Engine/Content/Functions/Engine_MaterialFunctions02/Utility/MakeFloat3.uasset" 156
"../../../Engine/Content/Functions/Engine_MaterialFunctions02/Utility/MakeFloat3.uexp" 157
"../../../Engine/Content/Functions/Engine_MaterialFunctions02/Utility/BreakOutFloat3Components.uasset" 158
"../../../Engine/Content/Functions/Engine_MaterialFunctions02/Utility/BreakOutFloat3Components.uexp" 159
"../../../Engine/Content/EditorMaterials/WorldPartition/WorldPartitionSpatialHashGridPreviewMaterial.uasset" 160
"../../../Engine/Content/EditorMaterials/WorldPartition/WorldPartitionSpatialHashGridPreviewMaterial.uexp" 161
"../../../Engine/Content/EditorResources/S_Terrain.ubulk" 162
"../../../Engine/Content/EditorResources/S_Terrain.uasset" 163
"../../../Engine/Content/EditorResources/S_Terrain.uexp" 164
"../../../Engine/Content/EditorResources/EmptyActor.uasset" 165
"../../../Engine/Content/EditorResources/EmptyActor.uexp" 166
"../../../Engine/Content/EditorResources/BSPVertex.uasset" 167
"../../../Engine/Content/EditorResources/BSPVertex.uexp" 168
"../../../Engine/Content/EditorResources/SequenceRecorder/RecordingIndicator.uasset" 169
"../../../Engine/Content/EditorResources/SequenceRecorder/RecordingIndicator.uexp" 170
"../../../Engine/Content/EditorResources/SequenceRecorder/Countdown.uasset" 171
"../../../Engine/Content/EditorResources/SequenceRecorder/Countdown.uexp" 172
"../../../Engine/Content/EngineDamageTypes/DmgTypeBP_Environmental.uasset" 173
"../../../Engine/Content/EngineDamageTypes/DmgTypeBP_Environmental.uexp" 174
"../../../Engine/Content/Functions/Engine_MaterialFunctions02/Utility/CameraDirectionVector.uasset" 175
"../../../Engine/Content/Functions/Engine_MaterialFunctions02/Utility/CameraDirectionVector.uexp" 176
"../../../Engine/Content/EngineDebugMaterials/VolumeToRender.uasset" 177
"../../../Engine/Content/EngineDebugMaterials/VolumeToRender.uexp" 178
"../../../Engine/Content/EngineDebugMaterials/M_VolumeRenderSphereTracePP.uasset" 179
"../../../Engine/Content/EngineDebugMaterials/M_VolumeRenderSphereTracePP.uexp" 180
"../../../Engine/Content/EngineDebugMaterials/M_SimpleUnlitTranslucent.uasset" 181
"../../../Engine/Content/EngineDebugMaterials/M_SimpleUnlitTranslucent.uexp" 182
"../../../Engine/Content/EngineDebugMaterials/DebugMeshMaterial.uasset" 183
"../../../Engine/Content/EngineDebugMaterials/DebugMeshMaterial.uexp" 184
"../../../Engine/Content/EngineDebugMaterials/DebugEditorMaterial.uasset" 185
"../../../Engine/Content/EngineDebugMaterials/DebugEditorMaterial.uexp" 186
"../../../Engine/Content/EngineFonts/Faces/RobotoLight.uexp" 187
"../../../Engine/Content/EngineFonts/Faces/RobotoLight.uasset" 188
"../../../Engine/Content/EngineFonts/Faces/RobotoLight.ufont" 189
"../../../Engine/Content/EngineFonts/Faces/RobotoBold.uexp" 190
"../../../Engine/Content/EngineFonts/Faces/RobotoBold.uasset" 191
"../../../Engine/Content/EngineFonts/Faces/RobotoBold.ufont" 192
"../../../Engine/Content/EngineFonts/Faces/RobotoRegular.uexp" 193
"../../../Engine/Content/EngineFonts/Faces/RobotoRegular.uasset" 194
"../../../Engine/Content/EngineFonts/Faces/RobotoRegular.ufont" 195
"../../../Engine/Content/EngineFonts/Faces/DroidSansFallback.uexp" 196
"../../../Engine/Content/EngineFonts/Faces/DroidSansFallback.uasset" 197
"../../../Engine/Content/EngineFonts/Faces/DroidSansFallback.ufont" 198
"../../../Engine/Content/EngineFonts/Faces/RobotoItalic.uexp" 199
"../../../Engine/Content/EngineFonts/Faces/RobotoItalic.uasset" 200
"../../../Engine/Content/EngineFonts/Faces/RobotoItalic.ufont" 201
"../../../Engine/Content/EngineFonts/Faces/RobotoBoldItalic.uexp" 202
"../../../Engine/Content/EngineFonts/Faces/RobotoBoldItalic.uasset" 203
"../../../Engine/Content/EngineFonts/Faces/RobotoBoldItalic.ufont" 204
"../../../Engine/Content/EngineFonts/Roboto.uasset" 205
"../../../Engine/Content/EngineFonts/Roboto.uexp" 206
"../../../Engine/Content/EngineResources/WhiteSquareTexture.uasset" 207
"../../../Engine/Content/EngineResources/WhiteSquareTexture.uexp" 208
"../../../Engine/Content/EngineMaterials/Widget3DPassThrough.uasset" 209
"../../../Engine/Content/EngineMaterials/Widget3DPassThrough.uexp" 210
"../../../Engine/Content/EngineMaterials/Widget3DPassThrough_Translucent.uasset" 211
"../../../Engine/Content/EngineMaterials/Widget3DPassThrough_Translucent.uexp" 212
"../../../Engine/Content/EngineMaterials/Widget3DPassThrough_Translucent_OneSided.uasset" 213
"../../../Engine/Content/EngineMaterials/Widget3DPassThrough_Translucent_OneSided.uexp" 214
"../../../Engine/Content/EngineMaterials/Widget3DPassThrough_Opaque.uasset" 215
"../../../Engine/Content/EngineMaterials/Widget3DPassThrough_Opaque.uexp" 216
"../../../Engine/Content/EngineMaterials/Widget3DPassThrough_Opaque_OneSided.uasset" 217
"../../../Engine/Content/EngineMaterials/Widget3DPassThrough_Opaque_OneSided.uexp" 218
"../../../Engine/Content/EngineMaterials/Widget3DPassThrough_Masked_OneSided.uasset" 219
"../../../Engine/Content/EngineMaterials/Widget3DPassThrough_Masked_OneSided.uexp" 220
"../../../Engine/Content/EngineMaterials/Widget3DPassThrough_Masked.uasset" 221
"../../../Engine/Content/EngineMaterials/Widget3DPassThrough_Masked.uexp" 222
"../../../Engine/Content/EngineMaterials/STBlueNoise_vec2_128x128x64.uasset" 223
"../../../Engine/Content/EngineMaterials/STBlueNoise_vec2_128x128x64.uexp" 224
"../../../Engine/Content/EngineMaterials/STBlueNoise_scalar_128x128x64.uasset" 225
"../../../Engine/Content/EngineMaterials/STBlueNoise_scalar_128x128x64.uexp" 226
"../../../Engine/Content/EngineMaterials/RemoveSurfaceMaterial.uasset" 227
"../../../Engine/Content/EngineMaterials/RemoveSurfaceMaterial.uexp" 228
"../../../Engine/Content/EngineMaterials/DefaultCalibrationGrayscale.uasset" 229
"../../../Engine/Content/EngineMaterials/DefaultCalibrationGrayscale.uexp" 230
"../../../Engine/Content/EngineMaterials/PPM_DefaultCalibrationGrayscale.uasset" 231
"../../../Engine/Content/EngineMaterials/PPM_DefaultCalibrationGrayscale.uexp" 232
"../../../Engine/Content/EngineMaterials/DefaultCalibrationColor.uasset" 233
"../../../Engine/Content/EngineMaterials/DefaultCalibrationColor.uexp" 234
"../../../Engine/Content/EngineMaterials/PPM_DefaultCalibrationColor.uasset" 235
"../../../Engine/Content/EngineMaterials/PPM_DefaultCalibrationColor.uexp" 236
"../../../Engine/Content/Functions/Engine_MaterialFunctions02/WorldPositionOffset/CameraOffset.uasset" 237
"../../../Engine/Content/Functions/Engine_MaterialFunctions02/WorldPositionOffset/CameraOffset.uexp" 238
"../../../Engine/Content/EngineMaterials/PhAT_JointLimitMaterial.uasset" 239
"../../../Engine/Content/EngineMaterials/PhAT_JointLimitMaterial.uexp" 240
"../../../Engine/Content/EngineMaterials/InvalidLightmapSettings.ubulk" 241
"../../../Engine/Content/EngineMaterials/InvalidLightmapSettings.uasset" 242
"../../../Engine/Content/EngineMaterials/InvalidLightmapSettings.uexp" 243
"../../../Engine/Content/EngineMaterials/M_InvalidLightmapSettings.uasset" 244
"../../../Engine/Content/EngineMaterials/M_InvalidLightmapSettings.uexp" 245
"../../../Engine/Content/EngineMaterials/GizmoMaterial.uasset" 246
"../../../Engine/Content/EngineMaterials/GizmoMaterial.uexp" 247
"../../../Engine/Content/EngineMaterials/BaseFlattenEmissiveMap_VT.uasset" 248
"../../../Engine/Content/EngineMaterials/BaseFlattenEmissiveMap_VT.uexp" 249
"../../../Engine/Content/EngineMaterials/BaseFlattenGrayscaleMap_VT.uasset" 250
"../../../Engine/Content/EngineMaterials/BaseFlattenGrayscaleMap_VT.uexp" 251
"../../../Engine/Content/EngineMaterials/BaseFlattenLinearColor_VT.uasset" 252
"../../../Engine/Content/EngineMaterials/BaseFlattenLinearColor_VT.uexp" 253
"../../../Engine/Content/EngineMaterials/Black_1x1_EXR_Texture_VT.uasset" 254
"../../../Engine/Content/EngineMaterials/Black_1x1_EXR_Texture_VT.uexp" 255
"../../../Engine/Content/EngineMaterials/BaseFlattenDiffuseMap_VT.uasset" 256
"../../../Engine/Content/EngineMaterials/BaseFlattenDiffuseMap_VT.uexp" 257
"../../../Engine/Content/EngineMaterials/BaseFlattenNormalMap_VT.uasset" 258
"../../../Engine/Content/EngineMaterials/BaseFlattenNormalMap_VT.uexp" 259
"../../../Engine/Content/EngineMaterials/FlattenMaterial_WS_Normal_VT.uasset" 260
"../../../Engine/Content/EngineMaterials/FlattenMaterial_WS_Normal_VT.uexp" 261
"../../../Engine/Content/EngineMaterials/FlattenMaterial_VT.uasset" 262
"../../../Engine/Content/EngineMaterials/FlattenMaterial_VT.uexp" 263
"../../../Engine/Content/EngineMaterials/BaseFlattenNormalMap.uasset" 264
"../../../Engine/Content/EngineMaterials/BaseFlattenNormalMap.uexp" 265
"../../../Engine/Content/EngineMaterials/BaseFlattenGrayscaleMap.uasset" 266
"../../../Engine/Content/EngineMaterials/BaseFlattenGrayscaleMap.uexp" 267
"../../../Engine/Content/EngineMaterials/BaseFlattenDiffuseMap.uasset" 268
"../../../Engine/Content/EngineMaterials/BaseFlattenDiffuseMap.uexp" 269
"../../../Engine/Content/Functions/Engine_MaterialFunctions02/PivotPainter2/Black_1x1_EXR_Texture.uasset" 270
"../../../Engine/Content/Functions/Engine_MaterialFunctions02/PivotPainter2/Black_1x1_EXR_Texture.uexp" 271
"../../../Engine/Content/EngineMaterials/BaseFlattenEmissiveMap.uasset" 272
"../../../Engine/Content/EngineMaterials/BaseFlattenEmissiveMap.uexp" 273
"../../../Engine/Content/EngineMaterials/BaseFlattenLinearColor.uasset" 274
"../../../Engine/Content/EngineMaterials/BaseFlattenLinearColor.uexp" 275
"../../../Engine/Content/EngineMaterials/FlattenMaterial.uasset" 276
"../../../Engine/Content/EngineMaterials/FlattenMaterial.uexp" 277
"../../../Engine/Content/EngineMaterials/DefaultWhiteGrid_Low.uasset" 278
"../../../Engine/Content/EngineMaterials/DefaultWhiteGrid_Low.uexp" 279
"../../../Engine/Content/EngineMaterials/EmissiveMeshMaterial.uasset" 280
"../../../Engine/Content/EngineMaterials/EmissiveMeshMaterial.uexp" 281
"../../../Engine/Content/EngineFonts/RobotoDistanceField.uasset" 282
"../../../Engine/Content/EngineFonts/RobotoDistanceField.uexp" 283
"../../../Engine/Content/EngineMaterials/DefaultTextMaterialOpaque.uasset" 284
"../../../Engine/Content/EngineMaterials/DefaultTextMaterialOpaque.uexp" 285
"../../../Engine/Content/EngineMaterials/DefaultDiffuse.ubulk" 286
"../../../Engine/Content/EngineMaterials/DefaultDiffuse.uasset" 287
"../../../Engine/Content/EngineMaterials/DefaultDiffuse.uexp" 288
"../../../Engine/Content/Functions/Engine_MaterialFunctions02/Utility/BreakOutFloat2Components.uasset" 289
"../../../Engine/Content/Functions/Engine_MaterialFunctions02/Utility/BreakOutFloat2Components.uexp" 290
"../../../Engine/Content/EngineMaterials/DefaultPostProcessMaterial.uasset" 291
"../../../Engine/Content/EngineMaterials/DefaultPostProcessMaterial.uexp" 292
"../../../Engine/Content/EngineMaterials/DefaultPhysicalMaterial.uasset" 293
"../../../Engine/Content/EngineMaterials/DefaultPhysicalMaterial.uexp" 294
"../../../Engine/Content/EngineMaterials/DefaultLightFunctionMaterial.uasset" 295
"../../../Engine/Content/EngineMaterials/DefaultLightFunctionMaterial.uexp" 296
"../../../Engine/Content/EngineMaterials/DefaultDestructiblePhysicalMaterial.uasset" 297
"../../../Engine/Content/EngineMaterials/DefaultDestructiblePhysicalMaterial.uexp" 298
"../../../Engine/Content/EngineMaterials/DefaultDeferredDecalMaterial.uasset" 299
"../../../Engine/Content/EngineMaterials/DefaultDeferredDecalMaterial.uexp" 300
"../../../Engine/Content/EngineMaterials/DefaultBloomKernel.uasset" 301
"../../../Engine/Content/EngineMaterials/DefaultBloomKernel.uexp" 302
"../../../Engine/Content/EngineResources/FilmGrains/Marcie_Grain_v3_128_M2_000.uasset" 303
"../../../Engine/Content/EngineResources/FilmGrains/Marcie_Grain_v3_128_M2_000.uexp" 304
"../../../Engine/Content/EngineSky/VolumetricClouds/CloudWeatherTexture.uasset" 305
"../../../Engine/Content/EngineSky/VolumetricClouds/CloudWeatherTexture.uexp" 306
"../../../Engine/Content/Functions/Engine_MaterialFunctions02/Utility/MakeFloat2.uasset" 307
"../../../Engine/Content/Functions/Engine_MaterialFunctions02/Utility/MakeFloat2.uexp" 308
"../../../Engine/Content/EngineSky/VolumetricClouds/CloudGradientTexture.uasset" 309
"../../../Engine/Content/EngineSky/VolumetricClouds/CloudGradientTexture.uexp" 310
"../../../Engine/Content/EngineSky/VolumetricClouds/T_NoiseShape64.ubulk" 311
"../../../Engine/Content/EngineSky/VolumetricClouds/T_NoiseShape64.uasset" 312
"../../../Engine/Content/EngineSky/VolumetricClouds/T_NoiseShape64.uexp" 313
"../../../Engine/Content/EngineSky/VolumetricClouds/T_VolumeNoiseShape64.uasset" 314
"../../../Engine/Content/EngineSky/VolumetricClouds/T_VolumeNoiseShape64.uexp" 315
"../../../Engine/Content/EngineSky/VolumetricClouds/T_NoiseErosion.ubulk" 316
"../../../Engine/Content/EngineSky/VolumetricClouds/T_NoiseErosion.uasset" 317
"../../../Engine/Content/EngineSky/VolumetricClouds/T_NoiseErosion.uexp" 318
"../../../Engine/Content/EngineSky/VolumetricClouds/T_VolumeNoiseErosion32.uasset" 319
"../../../Engine/Content/EngineSky/VolumetricClouds/T_VolumeNoiseErosion32.uexp" 320
"../../../Engine/Content/EngineSky/VolumetricClouds/m_SimpleVolumetricCloud.uasset" 321
"../../../Engine/Content/EngineSky/VolumetricClouds/m_SimpleVolumetricCloud.uexp" 322
"../../../Engine/Content/EngineSky/VolumetricClouds/m_SimpleVolumetricCloud_Inst.uasset" 323
"../../../Engine/Content/EngineSky/VolumetricClouds/m_SimpleVolumetricCloud_Inst.uexp" 324
"../../../Engine/Content/EngineSounds/Master.uasset" 325
"../../../Engine/Content/EngineSounds/Master.uexp" 326
"../../../Engine/Content/Functions/Engine_MaterialFunctions01/Shading/PowerToRoughness.uasset" 327
"../../../Engine/Content/Functions/Engine_MaterialFunctions01/Shading/PowerToRoughness.uexp" 328
"../../../Engine/Content/MobileResources/HUD/VirtualJoystick_Background.uasset" 329
"../../../Engine/Content/MobileResources/HUD/VirtualJoystick_Background.uexp" 330
"../../../Engine/Content/MobileResources/HUD/VirtualJoystick_Thumb.uasset" 331
"../../../Engine/Content/MobileResources/HUD/VirtualJoystick_Thumb.uexp" 332
"../../../Engine/Content/MobileResources/HUD/DefaultVirtualJoysticks.uasset" 333
"../../../Engine/Content/MobileResources/HUD/DefaultVirtualJoysticks.uexp" 334
"../../../Engine/Plugins/2D/Paper2D/Content/PlaceholderTextures/DummySpriteTexture.ubulk" 335
"../../../Engine/Plugins/2D/Paper2D/Content/PlaceholderTextures/DummySpriteTexture.uasset" 336
"../../../Engine/Plugins/2D/Paper2D/Content/PlaceholderTextures/DummySpriteTexture.uexp" 337
"../../../Engine/Plugins/2D/Paper2D/Content/DefaultSpriteMaterial.uasset" 338
"../../../Engine/Plugins/2D/Paper2D/Content/DefaultSpriteMaterial.uexp" 339
"../../../Engine/Plugins/2D/Paper2D/Content/OpaqueUnlitSpriteMaterial.uasset" 340
"../../../Engine/Plugins/2D/Paper2D/Content/OpaqueUnlitSpriteMaterial.uexp" 341
"../../../Engine/Plugins/2D/Paper2D/Content/MaskedUnlitSpriteMaterial.uasset" 342
"../../../Engine/Plugins/2D/Paper2D/Content/MaskedUnlitSpriteMaterial.uexp" 343
"../../../Engine/Plugins/2D/Paper2D/Content/DummySprite.uasset" 344
"../../../Engine/Plugins/2D/Paper2D/Content/DummySprite.uexp" 345
"../../../Engine/Plugins/2D/Paper2D/Content/DefaultPaperTerrainMaterial.uasset" 346
"../../../Engine/Plugins/2D/Paper2D/Content/DefaultPaperTerrainMaterial.uexp" 347
"../../../Engine/Plugins/Animation/ControlRig/Content/M_Manip.uasset" 348
"../../../Engine/Plugins/Animation/ControlRig/Content/M_Manip.uexp" 349
"../../../Engine/Plugins/Animation/ControlRig/Content/Controls/DefaultGizmoLibraryNormalized.uasset" 350
"../../../Engine/Plugins/Animation/ControlRig/Content/Controls/DefaultGizmoLibraryNormalized.uexp" 351
"../../../Engine/Plugins/Animation/ControlRig/Content/Controls/ControlRig_Wedge_solid.ubulk" 352
"../../../Engine/Plugins/Animation/ControlRig/Content/Controls/ControlRig_Wedge_solid.uasset" 353
"../../../Engine/Plugins/Animation/ControlRig/Content/Controls/ControlRig_Wedge_solid.uexp" 354
"../../../Engine/Plugins/Animation/ControlRig/Content/Controls/ControlRig_Wedge_3mm.ubulk" 355
"../../../Engine/Plugins/Animation/ControlRig/Content/Controls/ControlRig_Wedge_3mm.uasset" 356
"../../../Engine/Plugins/Animation/ControlRig/Content/Controls/ControlRig_Wedge_3mm.uexp" 357
"../../../Engine/Plugins/Animation/ControlRig/Content/Controls/ControlRig_Wedge_1mm.ubulk" 358
"../../../Engine/Plugins/Animation/ControlRig/Content/Controls/ControlRig_Wedge_1mm.uasset" 359
"../../../Engine/Plugins/Animation/ControlRig/Content/Controls/ControlRig_Wedge_1mm.uexp" 360
"../../../Engine/Plugins/Animation/ControlRig/Content/Controls/ControlRig_Triangle_solid.ubulk" 361
"../../../Engine/Plugins/Animation/ControlRig/Content/Controls/ControlRig_Triangle_solid.uasset" 362
"../../../Engine/Plugins/Animation/ControlRig/Content/Controls/ControlRig_Triangle_solid.uexp" 363
"../../../Engine/Plugins/Animation/ControlRig/Content/Controls/ControlRig_Triangle_3mm.ubulk" 364
"../../../Engine/Plugins/Animation/ControlRig/Content/Controls/ControlRig_Triangle_3mm.uasset" 365
"../../../Engine/Plugins/Animation/ControlRig/Content/Controls/ControlRig_Triangle_3mm.uexp" 366
"../../../Engine/Plugins/Animation/ControlRig/Content/Controls/ControlRig_Triangle_1mm.ubulk" 367
"../../../Engine/Plugins/Animation/ControlRig/Content/Controls/ControlRig_Triangle_1mm.uasset" 368
"../../../Engine/Plugins/Animation/ControlRig/Content/Controls/ControlRig_Triangle_1mm.uexp" 369
"../../../Engine/Plugins/Animation/ControlRig/Content/Controls/ControlRig_Star4_solid.ubulk" 370
"../../../Engine/Plugins/Animation/ControlRig/Content/Controls/ControlRig_Star4_solid.uasset" 371
"../../../Engine/Plugins/Animation/ControlRig/Content/Controls/ControlRig_Star4_solid.uexp" 372
"../../../Engine/Plugins/Animation/ControlRig/Content/Controls/ControlRig_Star4_3mm.ubulk" 373
"../../../Engine/Plugins/Animation/ControlRig/Content/Controls/ControlRig_Star4_3mm.uasset" 374
"../../../Engine/Plugins/Animation/ControlRig/Content/Controls/ControlRig_Star4_3mm.uexp" 375
"../../../Engine/Plugins/Animation/ControlRig/Content/Controls/ControlRig_Star4_1mm.ubulk" 376
"../../../Engine/Plugins/Animation/ControlRig/Content/Controls/ControlRig_Star4_1mm.uasset" 377
"../../../Engine/Plugins/Animation/ControlRig/Content/Controls/ControlRig_Star4_1mm.uexp" 378
"../../../Engine/Plugins/Animation/ControlRig/Content/Controls/ControlRig_Square_solid.ubulk" 379
"../../../Engine/Plugins/Animation/ControlRig/Content/Controls/ControlRig_Square_solid.uasset" 380
"../../../Engine/Plugins/Animation/ControlRig/Content/Controls/ControlRig_Square_solid.uexp" 381
"../../../Engine/Plugins/Animation/ControlRig/Content/Controls/ControlRig_Square_3mm.ubulk" 382
"../../../Engine/Plugins/Animation/ControlRig/Content/Controls/ControlRig_Square_3mm.uasset" 383
"../../../Engine/Plugins/Animation/ControlRig/Content/Controls/ControlRig_Square_3mm.uexp" 384
"../../../Engine/Plugins/Animation/ControlRig/Content/Controls/ControlRig_Square_1mm.ubulk" 385
"../../../Engine/Plugins/Animation/ControlRig/Content/Controls/ControlRig_Square_1mm.uasset" 386
"../../../Engine/Plugins/Animation/ControlRig/Content/Controls/ControlRig_Square_1mm.uexp" 387
"../../../Engine/Plugins/Animation/ControlRig/Content/Controls/ControlRig_Sphere_solid.ubulk" 388
"../../../Engine/Plugins/Animation/ControlRig/Content/Controls/ControlRig_Sphere_solid.uasset" 389
"../../../Engine/Plugins/Animation/ControlRig/Content/Controls/ControlRig_Sphere_solid.uexp" 390
"../../../Engine/Plugins/Animation/ControlRig/Content/Controls/ControlRig_Sphere_3mm.ubulk" 391
"../../../Engine/Plugins/Animation/ControlRig/Content/Controls/ControlRig_Sphere_3mm.uasset" 392
"../../../Engine/Plugins/Animation/ControlRig/Content/Controls/ControlRig_Sphere_3mm.uexp" 393
"../../../Engine/Plugins/Animation/ControlRig/Content/Controls/ControlRig_Sphere_1mm.ubulk" 394
"../../../Engine/Plugins/Animation/ControlRig/Content/Controls/ControlRig_Sphere_1mm.uasset" 395
"../../../Engine/Plugins/Animation/ControlRig/Content/Controls/ControlRig_Sphere_1mm.uexp" 396
"../../../Engine/Plugins/Animation/ControlRig/Content/Controls/ControlRig_RoundedTriangle_solid.ubulk" 397
"../../../Engine/Plugins/Animation/ControlRig/Content/Controls/ControlRig_RoundedTriangle_solid.uasset" 398
"../../../Engine/Plugins/Animation/ControlRig/Content/Controls/ControlRig_RoundedTriangle_solid.uexp" 399
"../../../Engine/Plugins/Animation/ControlRig/Content/Controls/ControlRig_RoundedTriangle_3mm.ubulk" 400
"../../../Engine/Plugins/Animation/ControlRig/Content/Controls/ControlRig_RoundedTriangle_3mm.uasset" 401
"../../../Engine/Plugins/Animation/ControlRig/Content/Controls/ControlRig_RoundedTriangle_3mm.uexp" 402
"../../../Engine/Plugins/Animation/ControlRig/Content/Controls/ControlRig_RoundedTriangle_1mm.ubulk" 403
"../../../Engine/Plugins/Animation/ControlRig/Content/Controls/ControlRig_RoundedTriangle_1mm.uasset" 404
"../../../Engine/Plugins/Animation/ControlRig/Content/Controls/ControlRig_RoundedTriangle_1mm.uexp" 405
"../../../Engine/Plugins/Animation/ControlRig/Content/Controls/ControlRig_RoundedSquare_solid.ubulk" 406
"../../../Engine/Plugins/Animation/ControlRig/Content/Controls/ControlRig_RoundedSquare_solid.uasset" 407
"../../../Engine/Plugins/Animation/ControlRig/Content/Controls/ControlRig_RoundedSquare_solid.uexp" 408
"../../../Engine/Plugins/Animation/ControlRig/Content/Controls/ControlRig_RoundedSquare_3mm.ubulk" 409
"../../../Engine/Plugins/Animation/ControlRig/Content/Controls/ControlRig_RoundedSquare_3mm.uasset" 410
"../../../Engine/Plugins/Animation/ControlRig/Content/Controls/ControlRig_RoundedSquare_3mm.uexp" 411
"../../../Engine/Plugins/Animation/ControlRig/Content/Controls/ControlRig_RoundedSquare_1mm.ubulk" 412
"../../../Engine/Plugins/Animation/ControlRig/Content/Controls/ControlRig_RoundedSquare_1mm.uasset" 413
"../../../Engine/Plugins/Animation/ControlRig/Content/Controls/ControlRig_RoundedSquare_1mm.uexp" 414
"../../../Engine/Plugins/Animation/ControlRig/Content/Controls/ControlRig_QuarterCircle_solid.ubulk" 415
"../../../Engine/Plugins/Animation/ControlRig/Content/Controls/ControlRig_QuarterCircle_solid.uasset" 416
"../../../Engine/Plugins/Animation/ControlRig/Content/Controls/ControlRig_QuarterCircle_solid.uexp" 417
"../../../Engine/Plugins/Animation/ControlRig/Content/Controls/ControlRig_QuarterCircle_3mm.ubulk" 418
"../../../Engine/Plugins/Animation/ControlRig/Content/Controls/ControlRig_QuarterCircle_3mm.uasset" 419
"../../../Engine/Plugins/Animation/ControlRig/Content/Controls/ControlRig_QuarterCircle_3mm.uexp" 420
"../../../Engine/Plugins/Animation/ControlRig/Content/Controls/ControlRig_QuarterCircle_1mm.ubulk" 421
"../../../Engine/Plugins/Animation/ControlRig/Content/Controls/ControlRig_QuarterCircle_1mm.uasset" 422
"../../../Engine/Plugins/Animation/ControlRig/Content/Controls/ControlRig_QuarterCircle_1mm.uexp" 423
"../../../Engine/Plugins/Animation/ControlRig/Content/Controls/ControlRig_Pyramid_solid.ubulk" 424
"../../../Engine/Plugins/Animation/ControlRig/Content/Controls/ControlRig_Pyramid_solid.uasset" 425
"../../../Engine/Plugins/Animation/ControlRig/Content/Controls/ControlRig_Pyramid_solid.uexp" 426
"../../../Engine/Plugins/Animation/ControlRig/Content/Controls/ControlRig_Pyramid_3mm.ubulk" 427
"../../../Engine/Plugins/Animation/ControlRig/Content/Controls/ControlRig_Pyramid_3mm.uasset" 428
"../../../Engine/Plugins/Animation/ControlRig/Content/Controls/ControlRig_Pyramid_3mm.uexp" 429
"../../../Engine/Plugins/Animation/ControlRig/Content/Controls/ControlRig_Pyramid_1mm.ubulk" 430
"../../../Engine/Plugins/Animation/ControlRig/Content/Controls/ControlRig_Pyramid_1mm.uasset" 431
"../../../Engine/Plugins/Animation/ControlRig/Content/Controls/ControlRig_Pyramid_1mm.uexp" 432
"../../../Engine/Plugins/Animation/ControlRig/Content/Controls/ControlRig_Octagon_solid.ubulk" 433
"../../../Engine/Plugins/Animation/ControlRig/Content/Controls/ControlRig_Octagon_solid.uasset" 434
"../../../Engine/Plugins/Animation/ControlRig/Content/Controls/ControlRig_Octagon_solid.uexp" 435
"../../../Engine/Plugins/Animation/ControlRig/Content/Controls/ControlRig_Octagon_3mm.ubulk" 436
"../../../Engine/Plugins/Animation/ControlRig/Content/Controls/ControlRig_Octagon_3mm.uasset" 437
"../../../Engine/Plugins/Animation/ControlRig/Content/Controls/ControlRig_Octagon_3mm.uexp" 438
"../../../Engine/Plugins/Animation/ControlRig/Content/Controls/ControlRig_Octagon_1mm.ubulk" 439
"../../../Engine/Plugins/Animation/ControlRig/Content/Controls/ControlRig_Octagon_1mm.uasset" 440
"../../../Engine/Plugins/Animation/ControlRig/Content/Controls/ControlRig_Octagon_1mm.uexp" 441
"../../../Engine/Plugins/Animation/ControlRig/Content/Controls/ControlRig_Hexagon_solid.ubulk" 442
"../../../Engine/Plugins/Animation/ControlRig/Content/Controls/ControlRig_Hexagon_solid.uasset" 443
"../../../Engine/Plugins/Animation/ControlRig/Content/Controls/ControlRig_Hexagon_solid.uexp" 444
"../../../Engine/Plugins/Animation/ControlRig/Content/Controls/ControlRig_Hexagon_3mm.ubulk" 445
"../../../Engine/Plugins/Animation/ControlRig/Content/Controls/ControlRig_Hexagon_3mm.uasset" 446
"../../../Engine/Plugins/Animation/ControlRig/Content/Controls/ControlRig_Hexagon_3mm.uexp" 447
"../../../Engine/Plugins/Animation/ControlRig/Content/Controls/ControlRig_Hexagon_1mm.ubulk" 448
"../../../Engine/Plugins/Animation/ControlRig/Content/Controls/ControlRig_Hexagon_1mm.uasset" 449
"../../../Engine/Plugins/Animation/ControlRig/Content/Controls/ControlRig_Hexagon_1mm.uexp" 450
"../../../Engine/Plugins/Animation/ControlRig/Content/Controls/ControlRig_HalfCircle_solid.ubulk" 451
"../../../Engine/Plugins/Animation/ControlRig/Content/Controls/ControlRig_HalfCircle_solid.uasset" 452
"../../../Engine/Plugins/Animation/ControlRig/Content/Controls/ControlRig_HalfCircle_solid.uexp" 453
"../../../Engine/Plugins/Animation/ControlRig/Content/Controls/ControlRig_HalfCircle_3mm.ubulk" 454
"../../../Engine/Plugins/Animation/ControlRig/Content/Controls/ControlRig_HalfCircle_3mm.uasset" 455
"../../../Engine/Plugins/Animation/ControlRig/Content/Controls/ControlRig_HalfCircle_3mm.uexp" 456
"../../../Engine/Plugins/Animation/ControlRig/Content/Controls/ControlRig_HalfCircle_1mm.ubulk" 457
"../../../Engine/Plugins/Animation/ControlRig/Content/Controls/ControlRig_HalfCircle_1mm.uasset" 458
"../../../Engine/Plugins/Animation/ControlRig/Content/Controls/ControlRig_HalfCircle_1mm.uexp" 459
"../../../Engine/Plugins/Animation/ControlRig/Content/Controls/ControlRig_Diamond_solid.ubulk" 460
"../../../Engine/Plugins/Animation/ControlRig/Content/Controls/ControlRig_Diamond_solid.uasset" 461
"../../../Engine/Plugins/Animation/ControlRig/Content/Controls/ControlRig_Diamond_solid.uexp" 462
"../../../Engine/Plugins/Animation/ControlRig/Content/Controls/ControlRig_Diamond_3mm.ubulk" 463
"../../../Engine/Plugins/Animation/ControlRig/Content/Controls/ControlRig_Diamond_3mm.uasset" 464
"../../../Engine/Plugins/Animation/ControlRig/Content/Controls/ControlRig_Diamond_3mm.uexp" 465
"../../../Engine/Plugins/Animation/ControlRig/Content/Controls/ControlRig_Diamond_1mm.ubulk" 466
"../../../Engine/Plugins/Animation/ControlRig/Content/Controls/ControlRig_Diamond_1mm.uasset" 467
"../../../Engine/Plugins/Animation/ControlRig/Content/Controls/ControlRig_Diamond_1mm.uexp" 468
"../../../Engine/Plugins/Animation/ControlRig/Content/Controls/ControlRig_Circle_solid.ubulk" 469
"../../../Engine/Plugins/Animation/ControlRig/Content/Controls/ControlRig_Circle_solid.uasset" 470
"../../../Engine/Plugins/Animation/ControlRig/Content/Controls/ControlRig_Circle_solid.uexp" 471
"../../../Engine/Plugins/Animation/ControlRig/Content/Controls/ControlRig_Circle_3mm.ubulk" 472
"../../../Engine/Plugins/Animation/ControlRig/Content/Controls/ControlRig_Circle_3mm.uasset" 473
"../../../Engine/Plugins/Animation/ControlRig/Content/Controls/ControlRig_Circle_3mm.uexp" 474
"../../../Engine/Plugins/Animation/ControlRig/Content/Controls/ControlRig_Circle_1mm.ubulk" 475
"../../../Engine/Plugins/Animation/ControlRig/Content/Controls/ControlRig_Circle_1mm.uasset" 476
"../../../Engine/Plugins/Animation/ControlRig/Content/Controls/ControlRig_Circle_1mm.uexp" 477
"../../../Engine/Plugins/Animation/ControlRig/Content/Controls/ControlRig_Box_solid.ubulk" 478
"../../../Engine/Plugins/Animation/ControlRig/Content/Controls/ControlRig_Box_solid.uasset" 479
"../../../Engine/Plugins/Animation/ControlRig/Content/Controls/ControlRig_Box_solid.uexp" 480
"../../../Engine/Plugins/Animation/ControlRig/Content/Controls/ControlRig_Box_3mm.ubulk" 481
"../../../Engine/Plugins/Animation/ControlRig/Content/Controls/ControlRig_Box_3mm.uasset" 482
"../../../Engine/Plugins/Animation/ControlRig/Content/Controls/ControlRig_Box_3mm.uexp" 483
"../../../Engine/Plugins/Animation/ControlRig/Content/Controls/ControlRig_Box_1mm.ubulk" 484
"../../../Engine/Plugins/Animation/ControlRig/Content/Controls/ControlRig_Box_1mm.uasset" 485
"../../../Engine/Plugins/Animation/ControlRig/Content/Controls/ControlRig_Box_1mm.uexp" 486
"../../../Engine/Plugins/Animation/ControlRig/Content/Controls/ControlRig_Arrow_solid.ubulk" 487
"../../../Engine/Plugins/Animation/ControlRig/Content/Controls/ControlRig_Arrow_solid.uasset" 488
"../../../Engine/Plugins/Animation/ControlRig/Content/Controls/ControlRig_Arrow_solid.uexp" 489
"../../../Engine/Plugins/Animation/ControlRig/Content/Controls/ControlRig_Arrow_3mm.ubulk" 490
"../../../Engine/Plugins/Animation/ControlRig/Content/Controls/ControlRig_Arrow_3mm.uasset" 491
"../../../Engine/Plugins/Animation/ControlRig/Content/Controls/ControlRig_Arrow_3mm.uexp" 492
"../../../Engine/Plugins/Animation/ControlRig/Content/Controls/ControlRig_Arrow_1mm.ubulk" 493
"../../../Engine/Plugins/Animation/ControlRig/Content/Controls/ControlRig_Arrow_1mm.uasset" 494
"../../../Engine/Plugins/Animation/ControlRig/Content/Controls/ControlRig_Arrow_1mm.uexp" 495
"../../../Engine/Plugins/Animation/ControlRig/Content/Controls/ControlRig_Arrow4_solid.ubulk" 496
"../../../Engine/Plugins/Animation/ControlRig/Content/Controls/ControlRig_Arrow4_solid.uasset" 497
"../../../Engine/Plugins/Animation/ControlRig/Content/Controls/ControlRig_Arrow4_solid.uexp" 498
"../../../Engine/Plugins/Animation/ControlRig/Content/Controls/ControlRig_Arrow4_3mm.ubulk" 499
"../../../Engine/Plugins/Animation/ControlRig/Content/Controls/ControlRig_Arrow4_3mm.uasset" 500
"../../../Engine/Plugins/Animation/ControlRig/Content/Controls/ControlRig_Arrow4_3mm.uexp" 501
"../../../Engine/Plugins/Animation/ControlRig/Content/Controls/ControlRig_Arrow4_1mm.ubulk" 502
"../../../Engine/Plugins/Animation/ControlRig/Content/Controls/ControlRig_Arrow4_1mm.uasset" 503
"../../../Engine/Plugins/Animation/ControlRig/Content/Controls/ControlRig_Arrow4_1mm.uexp" 504
"../../../Engine/Plugins/Animation/ControlRig/Content/Controls/ControlRig_Arrow2_solid.ubulk" 505
"../../../Engine/Plugins/Animation/ControlRig/Content/Controls/ControlRig_Arrow2_solid.uasset" 506
"../../../Engine/Plugins/Animation/ControlRig/Content/Controls/ControlRig_Arrow2_solid.uexp" 507
"../../../Engine/Plugins/Animation/ControlRig/Content/Controls/ControlRig_Arrow2_3mm.ubulk" 508
"../../../Engine/Plugins/Animation/ControlRig/Content/Controls/ControlRig_Arrow2_3mm.uasset" 509
"../../../Engine/Plugins/Animation/ControlRig/Content/Controls/ControlRig_Arrow2_3mm.uexp" 510
"../../../Engine/Plugins/Animation/ControlRig/Content/Controls/ControlRig_Arrow2_1mm.ubulk" 511
"../../../Engine/Plugins/Animation/ControlRig/Content/Controls/ControlRig_Arrow2_1mm.uasset" 512
"../../../Engine/Plugins/Animation/ControlRig/Content/Controls/ControlRig_Arrow2_1mm.uexp" 513
"../../../Engine/Plugins/Animation/ControlRig/Content/Controls/ControlRigXRayMaterial.uasset" 514
"../../../Engine/Plugins/Animation/ControlRig/Content/Controls/ControlRigXRayMaterial.uexp" 515
"../../../Engine/Plugins/Animation/ControlRig/Content/Controls/ControlRigGizmoMaterial.uasset" 516
"../../../Engine/Plugins/Animation/ControlRig/Content/Controls/ControlRigGizmoMaterial.uexp" 517
"../../../Engine/Plugins/Editor/SpeedTreeImporter/Content/SpeedTree9/game_wind_noise.ubulk" 518
"../../../Engine/Plugins/Editor/SpeedTreeImporter/Content/SpeedTree9/game_wind_noise.uasset" 519
"../../../Engine/Plugins/Editor/SpeedTreeImporter/Content/SpeedTree9/game_wind_noise.uexp" 520
"../../../Engine/Plugins/Editor/SpeedTreeImporter/Content/SpeedTree9/UnpackDirection.uasset" 521
"../../../Engine/Plugins/Editor/SpeedTreeImporter/Content/SpeedTree9/UnpackDirection.uexp" 522
"../../../Engine/Content/Functions/Engine_MaterialFunctions02/ObjectLocalBounds.uasset" 523
"../../../Engine/Content/Functions/Engine_MaterialFunctions02/ObjectLocalBounds.uexp" 524
"../../../Engine/Content/Functions/Engine_MaterialFunctions02/UVs/BoundingBoxBased_0-1_UVW.uasset" 525
"../../../Engine/Content/Functions/Engine_MaterialFunctions02/UVs/BoundingBoxBased_0-1_UVW.uexp" 526
"../../../Engine/Content/Functions/Engine_MaterialFunctions02/Utility/VectorLength.uasset" 527
"../../../Engine/Content/Functions/Engine_MaterialFunctions02/Utility/VectorLength.uexp" 528
"../../../Engine/Plugins/Editor/SpeedTreeImporter/Content/SpeedTree9/UnpackInteger3.uasset" 529
"../../../Engine/Plugins/Editor/SpeedTreeImporter/Content/SpeedTree9/UnpackInteger3.uexp" 530
"../../../Engine/Plugins/Editor/SpeedTreeImporter/Content/SpeedTree9/SpeedTreeCameraFacing.uasset" 531
"../../../Engine/Plugins/Editor/SpeedTreeImporter/Content/SpeedTree9/SpeedTreeCameraFacing.uexp" 532
"../../../Engine/Content/Functions/Engine_MaterialFunctions02/WorldPositionOffset/ObjectScale.uasset" 533
"../../../Engine/Content/Functions/Engine_MaterialFunctions02/WorldPositionOffset/ObjectScale.uexp" 534
"../../../Engine/Content/Functions/Engine_MaterialFunctions02/SafeNormalize.uasset" 535
"../../../Engine/Content/Functions/Engine_MaterialFunctions02/SafeNormalize.uexp" 536
"../../../Engine/Plugins/Editor/SpeedTreeImporter/Content/SpeedTree9/SpeedTreeWindMotion.uasset" 537
"../../../Engine/Plugins/Editor/SpeedTreeImporter/Content/SpeedTree9/SpeedTreeWindMotion.uexp" 538
"../../../Engine/Plugins/Editor/SpeedTreeImporter/Content/SpeedTree9/SpeedTreeBranchMotion.uasset" 539
"../../../Engine/Plugins/Editor/SpeedTreeImporter/Content/SpeedTree9/SpeedTreeBranchMotion.uexp" 540
"../../../Engine/Plugins/Editor/SpeedTreeImporter/Content/SpeedTree9/SpeedTreeWind.uasset" 541
"../../../Engine/Plugins/Editor/SpeedTreeImporter/Content/SpeedTree9/SpeedTreeWind.uexp" 542
"../../../Engine/Plugins/Editor/SpeedTreeImporter/Content/SpeedTree9/EmptyNormal.uasset" 543
"../../../Engine/Plugins/Editor/SpeedTreeImporter/Content/SpeedTree9/EmptyNormal.uexp" 544
"../../../Engine/Plugins/Editor/SpeedTreeImporter/Content/SpeedTree9/Empty.uasset" 545
"../../../Engine/Plugins/Editor/SpeedTreeImporter/Content/SpeedTree9/Empty.uexp" 546
"../../../Engine/Plugins/Editor/SpeedTreeImporter/Content/SpeedTree9/SpeedTreeMaster.uasset" 547
"../../../Engine/Plugins/Editor/SpeedTreeImporter/Content/SpeedTree9/SpeedTreeMaster.uexp" 548
"../../../Engine/Plugins/Editor/SpeedTreeImporter/Content/SpeedTree9/SpeedTreeBillboard.uasset" 549
"../../../Engine/Plugins/Editor/SpeedTreeImporter/Content/SpeedTree9/SpeedTreeBillboard.uexp" 550
"../../../Engine/Plugins/Editor/SpeedTreeImporter/Content/SpeedTree9/SpeedTreeBillboardMaster.uasset" 551
"../../../Engine/Plugins/Editor/SpeedTreeImporter/Content/SpeedTree9/SpeedTreeBillboardMaster.uexp" 552
"../../../Engine/Content/Functions/Engine_MaterialFunctions02/Texturing/CustomRotator.uasset" 553
"../../../Engine/Content/Functions/Engine_MaterialFunctions02/Texturing/CustomRotator.uexp" 554
"../../../Engine/Content/Functions/Engine_MaterialFunctions02/Texturing/ScreenAlignedPixelToPixelUVs.uasset" 555
"../../../Engine/Content/Functions/Engine_MaterialFunctions02/Texturing/ScreenAlignedPixelToPixelUVs.uexp" 556
"../../../Engine/Plugins/Interchange/Runtime/Content/Utilities/T_Bayer64_Grayscale_64px.uasset" 557
"../../../Engine/Plugins/Interchange/Runtime/Content/Utilities/T_Bayer64_Grayscale_64px.uexp" 558
"../../../Engine/Plugins/Interchange/Runtime/Content/gltf/MaterialFunctions/MF_Temporal_Blur.uasset" 559
"../../../Engine/Plugins/Interchange/Runtime/Content/gltf/MaterialFunctions/MF_Temporal_Blur.uexp" 560
"../../../Engine/Plugins/Interchange/Runtime/Content/gltf/MaterialFunctions/MF_Fresnel_DS.uasset" 561
"../../../Engine/Plugins/Interchange/Runtime/Content/gltf/MaterialFunctions/MF_Fresnel_DS.uexp" 562
"../../../Engine/Plugins/Interchange/Runtime/Content/Functions/MX_Transmission.uasset" 563
"../../../Engine/Plugins/Interchange/Runtime/Content/Functions/MX_Transmission.uexp" 564
"../../../Engine/Plugins/Interchange/Runtime/Content/Functions/MF_OrenNayerView.uasset" 565
"../../../Engine/Plugins/Interchange/Runtime/Content/Functions/MF_OrenNayerView.uexp" 566
"../../../Engine/Plugins/Interchange/Runtime/Content/Functions/MF_SchlickApprox.uasset" 567
"../../../Engine/Plugins/Interchange/Runtime/Content/Functions/MF_SchlickApprox.uexp" 568
"../../../Engine/Plugins/Interchange/Runtime/Content/Utilities/New_LUT.uasset" 569
"../../../Engine/Plugins/Interchange/Runtime/Content/Utilities/New_LUT.uexp" 570
"../../../Engine/Content/Functions/Engine_MaterialFunctions03/Math/RemapValueRange.uasset" 571
"../../../Engine/Content/Functions/Engine_MaterialFunctions03/Math/RemapValueRange.uexp" 572
"../../../Engine/Plugins/Interchange/Runtime/Content/Functions/MF_Iridescence.uasset" 573
"../../../Engine/Plugins/Interchange/Runtime/Content/Functions/MF_Iridescence.uexp" 574
"../../../Engine/Plugins/Interchange/Runtime/Content/Functions/MX_StandardSurface.uasset" 575
"../../../Engine/Plugins/Interchange/Runtime/Content/Functions/MX_StandardSurface.uexp" 576
"../../../Engine/Plugins/Interchange/Runtime/Content/Functions/MX_TransmissionSurface.uasset" 577
"../../../Engine/Plugins/Interchange/Runtime/Content/Functions/MX_TransmissionSurface.uexp" 578
"../../../Engine/Content/Functions/Engine_MaterialFunctions02/Math/AddComponents.uasset" 579
"../../../Engine/Content/Functions/Engine_MaterialFunctions02/Math/AddComponents.uexp" 580
"../../../Engine/Content/Functions/Engine_MaterialFunctions02/WorldPositionOffset/V2/ObjectScale.uasset" 581
"../../../Engine/Content/Functions/Engine_MaterialFunctions02/WorldPositionOffset/V2/ObjectScale.uexp" 582
"../../../Engine/Plugins/Interchange/Runtime/Content/gltf/MaterialFunctions/MF_TransmissionOpacity.uasset" 583
"../../../Engine/Plugins/Interchange/Runtime/Content/gltf/MaterialFunctions/MF_TransmissionOpacity.uexp" 584
"../../../Engine/Plugins/Interchange/Runtime/Content/gltf/MaterialFunctions/MF_RotateV2.uasset" 585
"../../../Engine/Plugins/Interchange/Runtime/Content/gltf/MaterialFunctions/MF_RotateV2.uexp" 586
"../../../Engine/Plugins/Interchange/Runtime/Content/gltf/MaterialFunctions/MF_TransformUVs.uasset" 587
"../../../Engine/Plugins/Interchange/Runtime/Content/gltf/MaterialFunctions/MF_TransformUVs.uexp" 588
"../../../Engine/Plugins/Interchange/Runtime/Content/gltf/Textures/T_White_srgb.uasset" 589
"../../../Engine/Plugins/Interchange/Runtime/Content/gltf/Textures/T_White_srgb.uexp" 590
"../../../Engine/Plugins/Interchange/Runtime/Content/gltf/MaterialFunctions/MF_BaseColor.uasset" 591
"../../../Engine/Plugins/Interchange/Runtime/Content/gltf/MaterialFunctions/MF_BaseColor.uexp" 592
"../../../Engine/Plugins/Interchange/Runtime/Content/gltf/MaterialFunctions/MF_DiffuseSpecGloss.uasset" 593
"../../../Engine/Plugins/Interchange/Runtime/Content/gltf/MaterialFunctions/MF_DiffuseSpecGloss.uexp" 594
"../../../Engine/Plugins/Interchange/Runtime/Content/gltf/Textures/T_White_Linear.uasset" 595
"../../../Engine/Plugins/Interchange/Runtime/Content/gltf/Textures/T_White_Linear.uexp" 596
"../../../Engine/Plugins/Interchange/Runtime/Content/gltf/MaterialFunctions/MF_MetallicRoughness.uasset" 597
"../../../Engine/Plugins/Interchange/Runtime/Content/gltf/MaterialFunctions/MF_MetallicRoughness.uexp" 598
"../../../Engine/Plugins/Interchange/Runtime/Content/gltf/MaterialFunctions/MF_Transmission.uasset" 599
"../../../Engine/Plugins/Interchange/Runtime/Content/gltf/MaterialFunctions/MF_Transmission.uexp" 600
"../../../Engine/Plugins/Interchange/Runtime/Content/gltf/MaterialFunctions/MF_Occlusion.uasset" 601
"../../../Engine/Plugins/Interchange/Runtime/Content/gltf/MaterialFunctions/MF_Occlusion.uexp" 602
"../../../Engine/Plugins/Interchange/Runtime/Content/gltf/MaterialFunctions/MF_Specular.uasset" 603
"../../../Engine/Plugins/Interchange/Runtime/Content/gltf/MaterialFunctions/MF_Specular.uexp" 604
"../../../Engine/Plugins/Interchange/Runtime/Content/gltf/MaterialFunctions/MF_IOR.uasset" 605
"../../../Engine/Plugins/Interchange/Runtime/Content/gltf/MaterialFunctions/MF_IOR.uexp" 606
"../../../Engine/Content/Functions/Engine_MaterialFunctions01/Texturing/FlattenNormal.uasset" 607
"../../../Engine/Content/Functions/Engine_MaterialFunctions01/Texturing/FlattenNormal.uexp" 608
"../../../Engine/Content/Functions/Engine_MaterialFunctions02/Math/Transform3x3Matrix.uasset" 609
"../../../Engine/Content/Functions/Engine_MaterialFunctions02/Math/Transform3x3Matrix.uexp" 610
"../../../Engine/Plugins/Interchange/Runtime/Content/gltf/MaterialFunctions/MF_RotateNormals_TS.uasset" 611
"../../../Engine/Plugins/Interchange/Runtime/Content/gltf/MaterialFunctions/MF_RotateNormals_TS.uexp" 612
"../../../Engine/Plugins/Interchange/Runtime/Content/gltf/Textures/T_Generic_N.uasset" 613
"../../../Engine/Plugins/Interchange/Runtime/Content/gltf/Textures/T_Generic_N.uexp" 614
"../../../Engine/Plugins/Interchange/Runtime/Content/gltf/MaterialFunctions/MF_Normals.uasset" 615
"../../../Engine/Plugins/Interchange/Runtime/Content/gltf/MaterialFunctions/MF_Normals.uexp" 616
"../../../Engine/Plugins/Interchange/Runtime/Content/gltf/MaterialFunctions/MF_PerceivedBrightness.uasset" 617
"../../../Engine/Plugins/Interchange/Runtime/Content/gltf/MaterialFunctions/MF_PerceivedBrightness.uexp" 618
"../../../Engine/Plugins/Interchange/Runtime/Content/gltf/MaterialFunctions/MF_SpecGlossToMetalRoughness.uasset" 619
"../../../Engine/Plugins/Interchange/Runtime/Content/gltf/MaterialFunctions/MF_SpecGlossToMetalRoughness.uexp" 620
"../../../Engine/Plugins/Interchange/Runtime/Content/gltf/M_Transmission.uasset" 621
"../../../Engine/Plugins/Interchange/Runtime/Content/gltf/M_Transmission.uexp" 622
"../../../Engine/Plugins/Interchange/Runtime/Content/gltf/MaterialInstances_MR/MI_Transmission_TS.uasset" 623
"../../../Engine/Plugins/Interchange/Runtime/Content/gltf/MaterialInstances_MR/MI_Transmission_TS.uexp" 624
"../../../Engine/Plugins/Interchange/Runtime/Content/gltf/MaterialInstances_MR/MI_Transmission.uasset" 625
"../../../Engine/Plugins/Interchange/Runtime/Content/gltf/MaterialInstances_MR/MI_Transmission.uexp" 626
"../../../Engine/Plugins/Interchange/Runtime/Content/gltf/MaterialFunctions/MF_Clearcoat.uasset" 627
"../../../Engine/Plugins/Interchange/Runtime/Content/gltf/MaterialFunctions/MF_Clearcoat.uexp" 628
"../../../Engine/Plugins/Interchange/Runtime/Content/gltf/MaterialFunctions/MF_Emissive.uasset" 629
"../../../Engine/Plugins/Interchange/Runtime/Content/gltf/MaterialFunctions/MF_Emissive.uexp" 630
"../../../Engine/Plugins/Interchange/Runtime/Content/gltf/M_Translucent.uasset" 631
"../../../Engine/Plugins/Interchange/Runtime/Content/gltf/M_Translucent.uexp" 632
"../../../Engine/Plugins/Interchange/Runtime/Content/gltf/MaterialInstances_MR/MI_Translucent_TS.uasset" 633
"../../../Engine/Plugins/Interchange/Runtime/Content/gltf/MaterialInstances_MR/MI_Translucent_TS.uexp" 634
"../../../Engine/Plugins/Interchange/Runtime/Content/gltf/MaterialInstances_MR/MI_Translucent_ClearCoat_TS.uasset" 635
"../../../Engine/Plugins/Interchange/Runtime/Content/gltf/MaterialInstances_MR/MI_Translucent_ClearCoat_TS.uexp" 636
"../../../Engine/Plugins/Interchange/Runtime/Content/gltf/MaterialInstances_MR/MI_Translucent_ClearCoat.uasset" 637
"../../../Engine/Plugins/Interchange/Runtime/Content/gltf/MaterialInstances_MR/MI_Translucent_ClearCoat.uexp" 638
"../../../Engine/Plugins/Interchange/Runtime/Content/gltf/MaterialInstances_MR/MI_Translucent.uasset" 639
"../../../Engine/Plugins/Interchange/Runtime/Content/gltf/MaterialInstances_MR/MI_Translucent.uexp" 640
"../../../Engine/Plugins/Interchange/Runtime/Content/gltf/M_Unlit.uasset" 641
"../../../Engine/Plugins/Interchange/Runtime/Content/gltf/M_Unlit.uexp" 642
"../../../Engine/Plugins/Interchange/Runtime/Content/gltf/MaterialInstances_MR/MI_Opaque_Unlit_TS.uasset" 643
"../../../Engine/Plugins/Interchange/Runtime/Content/gltf/MaterialInstances_MR/MI_Opaque_Unlit_TS.uexp" 644
"../../../Engine/Plugins/Interchange/Runtime/Content/gltf/MaterialInstances_MR/MI_Opaque_Unlit.uasset" 645
"../../../Engine/Plugins/Interchange/Runtime/Content/gltf/MaterialInstances_MR/MI_Opaque_Unlit.uexp" 646
"../../../Engine/Plugins/Interchange/Runtime/Content/gltf/M_Opaque.uasset" 647
"../../../Engine/Plugins/Interchange/Runtime/Content/gltf/M_Opaque.uexp" 648
"../../../Engine/Plugins/Interchange/Runtime/Content/gltf/MaterialInstances_MR/MI_Opaque_TS.uasset" 649
"../../../Engine/Plugins/Interchange/Runtime/Content/gltf/MaterialInstances_MR/MI_Opaque_TS.uexp" 650
"../../../Engine/Plugins/Interchange/Runtime/Content/gltf/MaterialFunctions/MF_Sheen.uasset" 651
"../../../Engine/Plugins/Interchange/Runtime/Content/gltf/MaterialFunctions/MF_Sheen.uexp" 652
"../../../Engine/Content/Functions/Engine_MaterialFunctions01/Shading/FuzzyShading.uasset" 653
"../../../Engine/Content/Functions/Engine_MaterialFunctions01/Shading/FuzzyShading.uexp" 654
"../../../Engine/Plugins/Interchange/Runtime/Content/gltf/M_Sheen.uasset" 655
"../../../Engine/Plugins/Interchange/Runtime/Content/gltf/M_Sheen.uexp" 656
"../../../Engine/Plugins/Interchange/Runtime/Content/gltf/MaterialInstances_MR/MI_Opaque_Sheen_TS.uasset" 657
"../../../Engine/Plugins/Interchange/Runtime/Content/gltf/MaterialInstances_MR/MI_Opaque_Sheen_TS.uexp" 658
"../../../Engine/Plugins/Interchange/Runtime/Content/gltf/MaterialInstances_MR/MI_Opaque_Sheen.uasset" 659
"../../../Engine/Plugins/Interchange/Runtime/Content/gltf/MaterialInstances_MR/MI_Opaque_Sheen.uexp" 660
"../../../Engine/Plugins/Interchange/Runtime/Content/gltf/MaterialInstances_MR/MI_Opaque_ClearCoat_TS.uasset" 661
"../../../Engine/Plugins/Interchange/Runtime/Content/gltf/MaterialInstances_MR/MI_Opaque_ClearCoat_TS.uexp" 662
"../../../Engine/Plugins/Interchange/Runtime/Content/gltf/MaterialInstances_MR/MI_Opaque_ClearCoat.uasset" 663
"../../../Engine/Plugins/Interchange/Runtime/Content/gltf/MaterialInstances_MR/MI_Opaque_ClearCoat.uexp" 664
"../../../Engine/Plugins/Interchange/Runtime/Content/gltf/MaterialInstances_MR/MI_Opaque.uasset" 665
"../../../Engine/Plugins/Interchange/Runtime/Content/gltf/MaterialInstances_MR/MI_Opaque.uexp" 666
"../../../Engine/Plugins/Interchange/Runtime/Content/gltf/MaterialInstances_SG/MI_Transmission_TS.uasset" 667
"../../../Engine/Plugins/Interchange/Runtime/Content/gltf/MaterialInstances_SG/MI_Transmission_TS.uexp" 668
"../../../Engine/Plugins/Interchange/Runtime/Content/gltf/MaterialInstances_SG/MI_Transmission.uasset" 669
"../../../Engine/Plugins/Interchange/Runtime/Content/gltf/MaterialInstances_SG/MI_Transmission.uexp" 670
"../../../Engine/Plugins/Interchange/Runtime/Content/gltf/MaterialInstances_SG/MI_Translucent_TS.uasset" 671
"../../../Engine/Plugins/Interchange/Runtime/Content/gltf/MaterialInstances_SG/MI_Translucent_TS.uexp" 672
"../../../Engine/Plugins/Interchange/Runtime/Content/gltf/MaterialInstances_SG/MI_Translucent_ClearCoat_TS.uasset" 673
"../../../Engine/Plugins/Interchange/Runtime/Content/gltf/MaterialInstances_SG/MI_Translucent_ClearCoat_TS.uexp" 674
"../../../Engine/Plugins/Interchange/Runtime/Content/gltf/MaterialInstances_SG/MI_Translucent_ClearCoat.uasset" 675
"../../../Engine/Plugins/Interchange/Runtime/Content/gltf/MaterialInstances_SG/MI_Translucent_ClearCoat.uexp" 676
"../../../Engine/Plugins/Interchange/Runtime/Content/gltf/MaterialInstances_SG/MI_Translucent.uasset" 677
"../../../Engine/Plugins/Interchange/Runtime/Content/gltf/MaterialInstances_SG/MI_Translucent.uexp" 678
"../../../Engine/Plugins/Interchange/Runtime/Content/gltf/MaterialInstances_SG/MI_Opaque_TS.uasset" 679
"../../../Engine/Plugins/Interchange/Runtime/Content/gltf/MaterialInstances_SG/MI_Opaque_TS.uexp" 680
"../../../Engine/Plugins/Interchange/Runtime/Content/gltf/MaterialInstances_SG/MI_Opaque_Sheen_TS.uasset" 681
"../../../Engine/Plugins/Interchange/Runtime/Content/gltf/MaterialInstances_SG/MI_Opaque_Sheen_TS.uexp" 682
"../../../Engine/Plugins/Interchange/Runtime/Content/gltf/MaterialInstances_SG/MI_Opaque_Sheen.uasset" 683
"../../../Engine/Plugins/Interchange/Runtime/Content/gltf/MaterialInstances_SG/MI_Opaque_Sheen.uexp" 684
"../../../Engine/Plugins/Interchange/Runtime/Content/gltf/MaterialInstances_SG/MI_Opaque_ClearCoat_TS.uasset" 685
"../../../Engine/Plugins/Interchange/Runtime/Content/gltf/MaterialInstances_SG/MI_Opaque_ClearCoat_TS.uexp" 686
"../../../Engine/Plugins/Interchange/Runtime/Content/gltf/MaterialInstances_SG/MI_Opaque_ClearCoat.uasset" 687
"../../../Engine/Plugins/Interchange/Runtime/Content/gltf/MaterialInstances_SG/MI_Opaque_ClearCoat.uexp" 688
"../../../Engine/Plugins/Interchange/Runtime/Content/gltf/MaterialInstances_SG/MI_Opaque.uasset" 689
"../../../Engine/Plugins/Interchange/Runtime/Content/gltf/MaterialInstances_SG/MI_Opaque.uexp" 690
"../../../Engine/Plugins/Interchange/Runtime/Content/gltf/Textures/T_Gray_Linear.uasset" 691
"../../../Engine/Plugins/Interchange/Runtime/Content/gltf/Textures/T_Gray_Linear.uexp" 692
"../../../Engine/Plugins/Interchange/Runtime/Content/gltf/Textures/T_Black_srgb.uasset" 693
"../../../Engine/Plugins/Interchange/Runtime/Content/gltf/Textures/T_Black_srgb.uexp" 694
"../../../Engine/Plugins/Interchange/Runtime/Content/Materials/UnlitMaterial.uasset" 695
"../../../Engine/Plugins/Interchange/Runtime/Content/Materials/UnlitMaterial.uexp" 696
"../../../Engine/Content/EngineMaterials/DefaultNormal.ubulk" 697
"../../../Engine/Content/EngineMaterials/DefaultNormal.uasset" 698
"../../../Engine/Content/EngineMaterials/DefaultNormal.uexp" 699
"../../../Engine/Plugins/Interchange/Runtime/Content/Materials/MapOrScalarFunction.uasset" 700
"../../../Engine/Plugins/Interchange/Runtime/Content/Materials/MapOrScalarFunction.uexp" 701
"../../../Engine/Plugins/Interchange/Runtime/Content/Materials/MapOrLinearColorFunction.uasset" 702
"../../../Engine/Plugins/Interchange/Runtime/Content/Materials/MapOrLinearColorFunction.uexp" 703
"../../../Engine/Plugins/Interchange/Runtime/Content/Materials/MapOrColorFunction.uasset" 704
"../../../Engine/Plugins/Interchange/Runtime/Content/Materials/MapOrColorFunction.uexp" 705
"../../../Engine/Plugins/Interchange/Runtime/Content/Materials/CommonMaterial.uasset" 706
"../../../Engine/Plugins/Interchange/Runtime/Content/Materials/CommonMaterial.uexp" 707
"../../../Engine/Plugins/Interchange/Runtime/Content/Materials/PBRSurfaceFunction.uasset" 708
"../../../Engine/Plugins/Interchange/Runtime/Content/Materials/PBRSurfaceFunction.uexp" 709
"../../../Engine/Plugins/Interchange/Runtime/Content/Materials/ThinTranslucentMaterial.uasset" 710
"../../../Engine/Plugins/Interchange/Runtime/Content/Materials/ThinTranslucentMaterial.uexp" 711
"../../../Engine/Plugins/Interchange/Runtime/Content/Materials/SubsurfaceMaterial.uasset" 712
"../../../Engine/Plugins/Interchange/Runtime/Content/Materials/SubsurfaceMaterial.uexp" 713
"../../../Engine/Plugins/Interchange/Runtime/Content/Materials/SheenMaterial.uasset" 714
"../../../Engine/Plugins/Interchange/Runtime/Content/Materials/SheenMaterial.uexp" 715
"../../../Engine/Content/Functions/Engine_MaterialFunctions01/Shading/ConvertFromDiffSpec.uasset" 716
"../../../Engine/Content/Functions/Engine_MaterialFunctions01/Shading/ConvertFromDiffSpec.uexp" 717
"../../../Engine/Plugins/Interchange/Runtime/Content/Materials/PhongSurfaceMaterial.uasset" 718
"../../../Engine/Plugins/Interchange/Runtime/Content/Materials/PhongSurfaceMaterial.uexp" 719
"../../../Engine/Plugins/Interchange/Runtime/Content/Materials/PBRSurfaceMaterial.uasset" 720
"../../../Engine/Plugins/Interchange/Runtime/Content/Materials/PBRSurfaceMaterial.uexp" 721
"../../../Engine/Content/EngineMaterials/FlatNormal.uasset" 722
"../../../Engine/Content/EngineMaterials/FlatNormal.uexp" 723
"../../../Engine/Content/EditorLandscapeResources/WhiteSquareTexture.uasset" 724
"../../../Engine/Content/EditorLandscapeResources/WhiteSquareTexture.uexp" 725
"../../../Engine/Plugins/Interchange/Runtime/Content/Materials/OrenNayerMaterial.uasset" 726
"../../../Engine/Plugins/Interchange/Runtime/Content/Materials/OrenNayerMaterial.uexp" 727
"../../../Engine/Plugins/Interchange/Runtime/Content/Materials/LambertSurfaceMaterial.uasset" 728
"../../../Engine/Plugins/Interchange/Runtime/Content/Materials/LambertSurfaceMaterial.uexp" 729
"../../../Engine/Plugins/Interchange/Runtime/Content/Materials/ClearCoatMaterial.uasset" 730
"../../../Engine/Plugins/Interchange/Runtime/Content/Materials/ClearCoatMaterial.uexp" 731
"../../../Engine/Plugins/Interchange/Runtime/Content/Pipelines/DefaultTexturePipeline.uasset" 732
"../../../Engine/Plugins/Interchange/Runtime/Content/Pipelines/DefaultTexturePipeline.uexp" 733
"../../../Engine/Plugins/Interchange/Runtime/Content/Pipelines/DefaultSceneLevelPipeline.uasset" 734
"../../../Engine/Plugins/Interchange/Runtime/Content/Pipelines/DefaultSceneLevelPipeline.uexp" 735
"../../../Engine/Plugins/Interchange/Runtime/Content/Pipelines/DefaultSceneAssetsPipeline.uasset" 736
"../../../Engine/Plugins/Interchange/Runtime/Content/Pipelines/DefaultSceneAssetsPipeline.uexp" 737
"../../../Engine/Plugins/Interchange/Runtime/Content/Pipelines/DefaultMaterialPipeline.uasset" 738
"../../../Engine/Plugins/Interchange/Runtime/Content/Pipelines/DefaultMaterialPipeline.uexp" 739
"../../../Engine/Plugins/Interchange/Runtime/Content/Pipelines/DefaultAssetsPipeline.uasset" 740
"../../../Engine/Plugins/Interchange/Runtime/Content/Pipelines/DefaultAssetsPipeline.uexp" 741
"../../../Engine/Plugins/Runtime/MeshModelingToolset/Content/Materials/M_DynamicMeshComponentVtxColor.uasset" 742
"../../../Engine/Plugins/Runtime/MeshModelingToolset/Content/Materials/M_DynamicMeshComponentVtxColor.uexp" 743
"../../../Engine/Content/Maps/Entry_BuiltData.uasset" 744
"../../../Engine/Content/Maps/Entry_BuiltData.uexp" 745
"../../../Engine/Content/Maps/Entry.uexp" 746
"../../../Engine/Content/Maps/Entry.umap" 747
"G:/Microsoft Visual Studio/Projects/Unreal_Engine/Tankogeddon/Content/StarterContent/Materials/M_Basic_Wall.uasset" 748
"G:/Microsoft Visual Studio/Projects/Unreal_Engine/Tankogeddon/Content/StarterContent/Materials/M_Basic_Wall.uexp" 749
"G:/Microsoft Visual Studio/Projects/Unreal_Engine/Tankogeddon/Content/StarterContent/Shapes/Shape_Cube.ubulk" 750
"G:/Microsoft Visual Studio/Projects/Unreal_Engine/Tankogeddon/Content/StarterContent/Shapes/Shape_Cube.uasset" 751
"G:/Microsoft Visual Studio/Projects/Unreal_Engine/Tankogeddon/Content/StarterContent/Shapes/Shape_Cube.uexp" 752
"G:/Microsoft Visual Studio/Projects/Unreal_Engine/Tankogeddon/Content/StarterContent/Textures/T_Bush_N.ubulk" 753
"G:/Microsoft Visual Studio/Projects/Unreal_Engine/Tankogeddon/Content/StarterContent/Textures/T_Bush_N.uasset" 754
"G:/Microsoft Visual Studio/Projects/Unreal_Engine/Tankogeddon/Content/StarterContent/Textures/T_Bush_N.uexp" 755
"G:/Microsoft Visual Studio/Projects/Unreal_Engine/Tankogeddon/Content/StarterContent/Textures/T_Bush_D.ubulk" 756
"G:/Microsoft Visual Studio/Projects/Unreal_Engine/Tankogeddon/Content/StarterContent/Textures/T_Bush_D.uasset" 757
"G:/Microsoft Visual Studio/Projects/Unreal_Engine/Tankogeddon/Content/StarterContent/Textures/T_Bush_D.uexp" 758
"G:/Microsoft Visual Studio/Projects/Unreal_Engine/Tankogeddon/Content/StarterContent/Props/Materials/M_Bush.uasset" 759
"G:/Microsoft Visual Studio/Projects/Unreal_Engine/Tankogeddon/Content/StarterContent/Props/Materials/M_Bush.uexp" 760
"G:/Microsoft Visual Studio/Projects/Unreal_Engine/Tankogeddon/Content/StarterContent/Props/SM_Bush.ubulk" 761
"G:/Microsoft Visual Studio/Projects/Unreal_Engine/Tankogeddon/Content/StarterContent/Props/SM_Bush.uasset" 762
"G:/Microsoft Visual Studio/Projects/Unreal_Engine/Tankogeddon/Content/StarterContent/Props/SM_Bush.uexp" 763
"G:/Microsoft Visual Studio/Projects/Unreal_Engine/Tankogeddon/Content/StarterContent/Textures/T_Smoke_SubUV.ubulk" 764
"G:/Microsoft Visual Studio/Projects/Unreal_Engine/Tankogeddon/Content/StarterContent/Textures/T_Smoke_SubUV.uasset" 765
"G:/Microsoft Visual Studio/Projects/Unreal_Engine/Tankogeddon/Content/StarterContent/Textures/T_Smoke_SubUV.uexp" 766
"G:/Microsoft Visual Studio/Projects/Unreal_Engine/Tankogeddon/Content/StarterContent/Textures/T_Smoke_Tiled_D.ubulk" 767
"G:/Microsoft Visual Studio/Projects/Unreal_Engine/Tankogeddon/Content/StarterContent/Textures/T_Smoke_Tiled_D.uasset" 768
"G:/Microsoft Visual Studio/Projects/Unreal_Engine/Tankogeddon/Content/StarterContent/Textures/T_Smoke_Tiled_D.uexp" 769
"G:/Microsoft Visual Studio/Projects/Unreal_Engine/Tankogeddon/Content/StarterContent/Particles/Materials/M_smoke_subUV.uasset" 770
"G:/Microsoft Visual Studio/Projects/Unreal_Engine/Tankogeddon/Content/StarterContent/Particles/Materials/M_smoke_subUV.uexp" 771
"G:/Microsoft Visual Studio/Projects/Unreal_Engine/Tankogeddon/Content/StarterContent/Textures/T_Burst_M.ubulk" 772
"G:/Microsoft Visual Studio/Projects/Unreal_Engine/Tankogeddon/Content/StarterContent/Textures/T_Burst_M.uasset" 773
"G:/Microsoft Visual Studio/Projects/Unreal_Engine/Tankogeddon/Content/StarterContent/Textures/T_Burst_M.uexp" 774
"G:/Microsoft Visual Studio/Projects/Unreal_Engine/Tankogeddon/Content/StarterContent/Particles/Materials/M_Burst.uasset" 775
"G:/Microsoft Visual Studio/Projects/Unreal_Engine/Tankogeddon/Content/StarterContent/Particles/Materials/M_Burst.uexp" 776
"G:/Microsoft Visual Studio/Projects/Unreal_Engine/Tankogeddon/Content/StarterContent/Particles/Materials/m_flare_01.uasset" 777
"G:/Microsoft Visual Studio/Projects/Unreal_Engine/Tankogeddon/Content/StarterContent/Particles/Materials/m_flare_01.uexp" 778
"G:/Microsoft Visual Studio/Projects/Unreal_Engine/Tankogeddon/Content/StarterContent/Textures/T_Explosion_SubUV.ubulk" 779
"G:/Microsoft Visual Studio/Projects/Unreal_Engine/Tankogeddon/Content/StarterContent/Textures/T_Explosion_SubUV.uasset" 780
"G:/Microsoft Visual Studio/Projects/Unreal_Engine/Tankogeddon/Content/StarterContent/Textures/T_Explosion_SubUV.uexp" 781
"G:/Microsoft Visual Studio/Projects/Unreal_Engine/Tankogeddon/Content/StarterContent/Particles/Materials/M_explosion_subUV.uasset" 782
"G:/Microsoft Visual Studio/Projects/Unreal_Engine/Tankogeddon/Content/StarterContent/Particles/Materials/M_explosion_subUV.uexp" 783
"../../../Engine/Content/Functions/Engine_MaterialFunctions01/Gradient/RadialGradient.uasset" 784
"../../../Engine/Content/Functions/Engine_MaterialFunctions01/Gradient/RadialGradient.uexp" 785
"G:/Microsoft Visual Studio/Projects/Unreal_Engine/Tankogeddon/Content/StarterContent/Particles/Materials/M_radial_ramp.uasset" 786
"G:/Microsoft Visual Studio/Projects/Unreal_Engine/Tankogeddon/Content/StarterContent/Particles/Materials/M_radial_ramp.uexp" 787
"G:/Microsoft Visual Studio/Projects/Unreal_Engine/Tankogeddon/Content/StarterContent/Particles/P_Explosion.uasset" 788
"G:/Microsoft Visual Studio/Projects/Unreal_Engine/Tankogeddon/Content/StarterContent/Particles/P_Explosion.uexp" 789
"G:/Microsoft Visual Studio/Projects/Unreal_Engine/Tankogeddon/Content/StarterContent/Shapes/Shape_Cylinder.ubulk" 790
"G:/Microsoft Visual Studio/Projects/Unreal_Engine/Tankogeddon/Content/StarterContent/Shapes/Shape_Cylinder.uasset" 791
"G:/Microsoft Visual Studio/Projects/Unreal_Engine/Tankogeddon/Content/StarterContent/Shapes/Shape_Cylinder.uexp" 792
"G:/Microsoft Visual Studio/Projects/Unreal_Engine/Tankogeddon/Content/StarterContent/Audio/Explosion02.ubulk" 793
"G:/Microsoft Visual Studio/Projects/Unreal_Engine/Tankogeddon/Content/StarterContent/Audio/Explosion02.uasset" 794
"G:/Microsoft Visual Studio/Projects/Unreal_Engine/Tankogeddon/Content/StarterContent/Audio/Explosion02.uexp" 795
"G:/Microsoft Visual Studio/Projects/Unreal_Engine/Tankogeddon/Content/StarterContent/Textures/T_Metal_Steel_D.ubulk" 796
"G:/Microsoft Visual Studio/Projects/Unreal_Engine/Tankogeddon/Content/StarterContent/Textures/T_Metal_Steel_D.uasset" 797
"G:/Microsoft Visual Studio/Projects/Unreal_Engine/Tankogeddon/Content/StarterContent/Textures/T_Metal_Steel_D.uexp" 798
"G:/Microsoft Visual Studio/Projects/Unreal_Engine/Tankogeddon/Content/StarterContent/Textures/T_MacroVariation.uasset" 799
"G:/Microsoft Visual Studio/Projects/Unreal_Engine/Tankogeddon/Content/StarterContent/Textures/T_MacroVariation.uexp" 800
"G:/Microsoft Visual Studio/Projects/Unreal_Engine/Tankogeddon/Content/StarterContent/Textures/T_Metal_Steel_N.ubulk" 801
"G:/Microsoft Visual Studio/Projects/Unreal_Engine/Tankogeddon/Content/StarterContent/Textures/T_Metal_Steel_N.uasset" 802
"G:/Microsoft Visual Studio/Projects/Unreal_Engine/Tankogeddon/Content/StarterContent/Textures/T_Metal_Steel_N.uexp" 803
"G:/Microsoft Visual Studio/Projects/Unreal_Engine/Tankogeddon/Content/StarterContent/Materials/M_Metal_Steel.uasset" 804
"G:/Microsoft Visual Studio/Projects/Unreal_Engine/Tankogeddon/Content/StarterContent/Materials/M_Metal_Steel.uexp" 805
"G:/Microsoft Visual Studio/Projects/Unreal_Engine/Tankogeddon/Content/CS_Shoot.uasset" 806
"G:/Microsoft Visual Studio/Projects/Unreal_Engine/Tankogeddon/Content/CS_Shoot.uexp" 807
"G:/Microsoft Visual Studio/Projects/Unreal_Engine/Tankogeddon/Content/FFEffect_Shoot.uasset" 808
"G:/Microsoft Visual Studio/Projects/Unreal_Engine/Tankogeddon/Content/FFEffect_Shoot.uexp" 809
"G:/Microsoft Visual Studio/Projects/Unreal_Engine/Tankogeddon/Content/StarterContent/Textures/T_Fire_Tiled_D.ubulk" 810
"G:/Microsoft Visual Studio/Projects/Unreal_Engine/Tankogeddon/Content/StarterContent/Textures/T_Fire_Tiled_D.uasset" 811
"G:/Microsoft Visual Studio/Projects/Unreal_Engine/Tankogeddon/Content/StarterContent/Textures/T_Fire_Tiled_D.uexp" 812
"G:/Microsoft Visual Studio/Projects/Unreal_Engine/Tankogeddon/Content/StarterContent/Textures/T_Fire_SubUV.ubulk" 813
"G:/Microsoft Visual Studio/Projects/Unreal_Engine/Tankogeddon/Content/StarterContent/Textures/T_Fire_SubUV.uasset" 814
"G:/Microsoft Visual Studio/Projects/Unreal_Engine/Tankogeddon/Content/StarterContent/Textures/T_Fire_SubUV.uexp" 815
"G:/Microsoft Visual Studio/Projects/Unreal_Engine/Tankogeddon/Content/StarterContent/Particles/Materials/M_Fire_SubUV.uasset" 816
"G:/Microsoft Visual Studio/Projects/Unreal_Engine/Tankogeddon/Content/StarterContent/Particles/Materials/M_Fire_SubUV.uexp" 817
"G:/Microsoft Visual Studio/Projects/Unreal_Engine/Tankogeddon/Content/StarterContent/Textures/T_Water_N.ubulk" 818
"G:/Microsoft Visual Studio/Projects/Unreal_Engine/Tankogeddon/Content/StarterContent/Textures/T_Water_N.uasset" 819
"G:/Microsoft Visual Studio/Projects/Unreal_Engine/Tankogeddon/Content/StarterContent/Textures/T_Water_N.uexp" 820
"G:/Microsoft Visual Studio/Projects/Unreal_Engine/Tankogeddon/Content/StarterContent/Particles/Materials/M_Heat_Distortion.uasset" 821
"G:/Microsoft Visual Studio/Projects/Unreal_Engine/Tankogeddon/Content/StarterContent/Particles/Materials/M_Heat_Distortion.uexp" 822
"G:/Microsoft Visual Studio/Projects/Unreal_Engine/Tankogeddon/Content/StarterContent/Particles/Materials/M_Radial_Gradient.uasset" 823
"G:/Microsoft Visual Studio/Projects/Unreal_Engine/Tankogeddon/Content/StarterContent/Particles/Materials/M_Radial_Gradient.uexp" 824
"G:/Microsoft Visual Studio/Projects/Unreal_Engine/Tankogeddon/Content/StarterContent/Particles/P_Fire.uasset" 825
"G:/Microsoft Visual Studio/Projects/Unreal_Engine/Tankogeddon/Content/StarterContent/Particles/P_Fire.uexp" 826
"G:/Microsoft Visual Studio/Projects/Unreal_Engine/Tankogeddon/Content/StarterContent/Textures/T_Metal_Gold_N.ubulk" 827
"G:/Microsoft Visual Studio/Projects/Unreal_Engine/Tankogeddon/Content/StarterContent/Textures/T_Metal_Gold_N.uasset" 828
"G:/Microsoft Visual Studio/Projects/Unreal_Engine/Tankogeddon/Content/StarterContent/Textures/T_Metal_Gold_N.uexp" 829
"G:/Microsoft Visual Studio/Projects/Unreal_Engine/Tankogeddon/Content/StarterContent/Textures/T_Metal_Copper_D.ubulk" 830
"G:/Microsoft Visual Studio/Projects/Unreal_Engine/Tankogeddon/Content/StarterContent/Textures/T_Metal_Copper_D.uasset" 831
"G:/Microsoft Visual Studio/Projects/Unreal_Engine/Tankogeddon/Content/StarterContent/Textures/T_Metal_Copper_D.uexp" 832
"G:/Microsoft Visual Studio/Projects/Unreal_Engine/Tankogeddon/Content/StarterContent/Materials/M_Metal_Copper.uasset" 833
"G:/Microsoft Visual Studio/Projects/Unreal_Engine/Tankogeddon/Content/StarterContent/Materials/M_Metal_Copper.uexp" 834
"G:/Microsoft Visual Studio/Projects/Unreal_Engine/Tankogeddon/Content/CSC/Meshes/SM_Projectile.ubulk" 835
"G:/Microsoft Visual Studio/Projects/Unreal_Engine/Tankogeddon/Content/CSC/Meshes/SM_Projectile.uasset" 836
"G:/Microsoft Visual Studio/Projects/Unreal_Engine/Tankogeddon/Content/CSC/Meshes/SM_Projectile.uexp" 837
"G:/Microsoft Visual Studio/Projects/Unreal_Engine/Tankogeddon/Content/BP_Projectile.uasset" 838
"G:/Microsoft Visual Studio/Projects/Unreal_Engine/Tankogeddon/Content/BP_Projectile.uexp" 839
"G:/Microsoft Visual Studio/Projects/Unreal_Engine/Tankogeddon/Content/BP_ProjectileCannon.uasset" 840
"G:/Microsoft Visual Studio/Projects/Unreal_Engine/Tankogeddon/Content/BP_ProjectileCannon.uexp" 841
"G:/Microsoft Visual Studio/Projects/Unreal_Engine/Tankogeddon/Content/CSC/Textures/T_Tank_Emissive.ubulk" 842
"G:/Microsoft Visual Studio/Projects/Unreal_Engine/Tankogeddon/Content/CSC/Textures/T_Tank_Emissive.uasset" 843
"G:/Microsoft Visual Studio/Projects/Unreal_Engine/Tankogeddon/Content/CSC/Textures/T_Tank_Emissive.uexp" 844
"G:/Microsoft Visual Studio/Projects/Unreal_Engine/Tankogeddon/Content/CSC/Textures/T_Tank_OcclusionRoughnessMetallic.ubulk" 845
"G:/Microsoft Visual Studio/Projects/Unreal_Engine/Tankogeddon/Content/CSC/Textures/T_Tank_OcclusionRoughnessMetallic.uasset" 846
"G:/Microsoft Visual Studio/Projects/Unreal_Engine/Tankogeddon/Content/CSC/Textures/T_Tank_OcclusionRoughnessMetallic.uexp" 847
"G:/Microsoft Visual Studio/Projects/Unreal_Engine/Tankogeddon/Content/CSC/Textures/T_Tank_BaseColor.ubulk" 848
"G:/Microsoft Visual Studio/Projects/Unreal_Engine/Tankogeddon/Content/CSC/Textures/T_Tank_BaseColor.uasset" 849
"G:/Microsoft Visual Studio/Projects/Unreal_Engine/Tankogeddon/Content/CSC/Textures/T_Tank_BaseColor.uexp" 850
"G:/Microsoft Visual Studio/Projects/Unreal_Engine/Tankogeddon/Content/CSC/Textures/T_Tank_Normal.ubulk" 851
"G:/Microsoft Visual Studio/Projects/Unreal_Engine/Tankogeddon/Content/CSC/Textures/T_Tank_Normal.uasset" 852
"G:/Microsoft Visual Studio/Projects/Unreal_Engine/Tankogeddon/Content/CSC/Textures/T_Tank_Normal.uexp" 853
"G:/Microsoft Visual Studio/Projects/Unreal_Engine/Tankogeddon/Content/CSC/Materials/M_Tank.uasset" 854
"G:/Microsoft Visual Studio/Projects/Unreal_Engine/Tankogeddon/Content/CSC/Materials/M_Tank.uexp" 855
"G:/Microsoft Visual Studio/Projects/Unreal_Engine/Tankogeddon/Content/CSC/Meshes/SM_CSC_Gun6.ubulk" 856
"G:/Microsoft Visual Studio/Projects/Unreal_Engine/Tankogeddon/Content/CSC/Meshes/SM_CSC_Gun6.uasset" 857
"G:/Microsoft Visual Studio/Projects/Unreal_Engine/Tankogeddon/Content/CSC/Meshes/SM_CSC_Gun6.uexp" 858
"G:/Microsoft Visual Studio/Projects/Unreal_Engine/Tankogeddon/Content/CSC/Meshes/SM_TANK_Base1.ubulk" 859
"G:/Microsoft Visual Studio/Projects/Unreal_Engine/Tankogeddon/Content/CSC/Meshes/SM_TANK_Base1.uasset" 860
"G:/Microsoft Visual Studio/Projects/Unreal_Engine/Tankogeddon/Content/CSC/Meshes/SM_TANK_Base1.uexp" 861
"G:/Microsoft Visual Studio/Projects/Unreal_Engine/Tankogeddon/Content/CSC/Textures/Mobile_textures/T_Tank_Normal_mobile.ubulk" 862
"G:/Microsoft Visual Studio/Projects/Unreal_Engine/Tankogeddon/Content/CSC/Textures/Mobile_textures/T_Tank_Normal_mobile.uasset" 863
"G:/Microsoft Visual Studio/Projects/Unreal_Engine/Tankogeddon/Content/CSC/Textures/Mobile_textures/T_Tank_Normal_mobile.uexp" 864
"G:/Microsoft Visual Studio/Projects/Unreal_Engine/Tankogeddon/Content/CSC/Textures/Mobile_textures/T_Tank_BaseColor_mobile.ubulk" 865
"G:/Microsoft Visual Studio/Projects/Unreal_Engine/Tankogeddon/Content/CSC/Textures/Mobile_textures/T_Tank_BaseColor_mobile.uasset" 866
"G:/Microsoft Visual Studio/Projects/Unreal_Engine/Tankogeddon/Content/CSC/Textures/Mobile_textures/T_Tank_BaseColor_mobile.uexp" 867
"G:/Microsoft Visual Studio/Projects/Unreal_Engine/Tankogeddon/Content/CSC/Materials/Mobile_materials/M_Tank_mobile.uasset" 868
"G:/Microsoft Visual Studio/Projects/Unreal_Engine/Tankogeddon/Content/CSC/Materials/Mobile_materials/M_Tank_mobile.uexp" 869
"G:/Microsoft Visual Studio/Projects/Unreal_Engine/Tankogeddon/Content/CSC/Demo/Materials/M_Bullet.uasset" 870
"G:/Microsoft Visual Studio/Projects/Unreal_Engine/Tankogeddon/Content/CSC/Demo/Materials/M_Bullet.uexp" 871
"G:/Microsoft Visual Studio/Projects/Unreal_Engine/Tankogeddon/Content/BP_LazerCannon.uasset" 872
"G:/Microsoft Visual Studio/Projects/Unreal_Engine/Tankogeddon/Content/BP_LazerCannon.uexp" 873
"G:/Microsoft Visual Studio/Projects/Unreal_Engine/Tankogeddon/Content/BP_AITankPawn.uasset" 874
"G:/Microsoft Visual Studio/Projects/Unreal_Engine/Tankogeddon/Content/BP_AITankPawn.uexp" 875
"G:/Microsoft Visual Studio/Projects/Unreal_Engine/Tankogeddon/Content/BP_TankFactory.uasset" 876
"G:/Microsoft Visual Studio/Projects/Unreal_Engine/Tankogeddon/Content/BP_TankFactory.uexp" 877
"../../../Engine/Content/EngineSky/T_Sky_Stars.ubulk" 878
"../../../Engine/Content/EngineSky/T_Sky_Stars.uasset" 879
"../../../Engine/Content/EngineSky/T_Sky_Stars.uexp" 880
"../../../Engine/Content/EngineSky/T_Sky_Clouds_M.ubulk" 881
"../../../Engine/Content/EngineSky/T_Sky_Clouds_M.uasset" 882
"../../../Engine/Content/EngineSky/T_Sky_Clouds_M.uexp" 883
"../../../Engine/Content/EngineSky/T_Sky_Blue.ubulk" 884
"../../../Engine/Content/EngineSky/T_Sky_Blue.uasset" 885
"../../../Engine/Content/EngineSky/T_Sky_Blue.uexp" 886
"../../../Engine/Content/EngineSky/M_Sky_Panning_Clouds2.uasset" 887
"../../../Engine/Content/EngineSky/M_Sky_Panning_Clouds2.uexp" 888
"../../../Engine/Content/EngineSky/SM_SkySphere.ubulk" 889
"../../../Engine/Content/EngineSky/SM_SkySphere.uasset" 890
"../../../Engine/Content/EngineSky/SM_SkySphere.uexp" 891
"G:/Microsoft Visual Studio/Projects/Unreal_Engine/Tankogeddon/Content/CSC/Textures/tile4.ubulk" 892
"G:/Microsoft Visual Studio/Projects/Unreal_Engine/Tankogeddon/Content/CSC/Textures/tile4.uasset" 893
"G:/Microsoft Visual Studio/Projects/Unreal_Engine/Tankogeddon/Content/CSC/Textures/tile4.uexp" 894
"G:/Microsoft Visual Studio/Projects/Unreal_Engine/Tankogeddon/Content/CSC/Textures/tile1.ubulk" 895
"G:/Microsoft Visual Studio/Projects/Unreal_Engine/Tankogeddon/Content/CSC/Textures/tile1.uasset" 896
"G:/Microsoft Visual Studio/Projects/Unreal_Engine/Tankogeddon/Content/CSC/Textures/tile1.uexp" 897
"G:/Microsoft Visual Studio/Projects/Unreal_Engine/Tankogeddon/Content/CSC/Materials/M_TB1_Cube.uasset" 898
"G:/Microsoft Visual Studio/Projects/Unreal_Engine/Tankogeddon/Content/CSC/Materials/M_TB1_Cube.uexp" 899
"G:/Microsoft Visual Studio/Projects/Unreal_Engine/Tankogeddon/Content/BP_AmmoBox.uasset" 900
"G:/Microsoft Visual Studio/Projects/Unreal_Engine/Tankogeddon/Content/BP_AmmoBox.uexp" 901
"G:/Microsoft Visual Studio/Projects/Unreal_Engine/Tankogeddon/Content/BP_InheritedTurret.uasset" 902
"G:/Microsoft Visual Studio/Projects/Unreal_Engine/Tankogeddon/Content/BP_InheritedTurret.uexp" 903
"../../../Engine/Content/MapTemplates/SM_Template_Map_Floor.ubulk" 904
"../../../Engine/Content/MapTemplates/SM_Template_Map_Floor.uasset" 905
"../../../Engine/Content/MapTemplates/SM_Template_Map_Floor.uexp" 906
"G:/Microsoft Visual Studio/Projects/Unreal_Engine/Tankogeddon/Content/CSC/Textures/T_TB1_Floor1_PBR_OcclusionRoughnessMetallic.ubulk" 907
"G:/Microsoft Visual Studio/Projects/Unreal_Engine/Tankogeddon/Content/CSC/Textures/T_TB1_Floor1_PBR_OcclusionRoughnessMetallic.uasset" 908
"G:/Microsoft Visual Studio/Projects/Unreal_Engine/Tankogeddon/Content/CSC/Textures/T_TB1_Floor1_PBR_OcclusionRoughnessMetallic.uexp" 909
"G:/Microsoft Visual Studio/Projects/Unreal_Engine/Tankogeddon/Content/CSC/Textures/T_TB1_Floor1_PBR_Normal.ubulk" 910
"G:/Microsoft Visual Studio/Projects/Unreal_Engine/Tankogeddon/Content/CSC/Textures/T_TB1_Floor1_PBR_Normal.uasset" 911
"G:/Microsoft Visual Studio/Projects/Unreal_Engine/Tankogeddon/Content/CSC/Textures/T_TB1_Floor1_PBR_Normal.uexp" 912
"G:/Microsoft Visual Studio/Projects/Unreal_Engine/Tankogeddon/Content/CSC/Textures/T_TB1_Floor1_PBR_BaseColor.ubulk" 913
"G:/Microsoft Visual Studio/Projects/Unreal_Engine/Tankogeddon/Content/CSC/Textures/T_TB1_Floor1_PBR_BaseColor.uasset" 914
"G:/Microsoft Visual Studio/Projects/Unreal_Engine/Tankogeddon/Content/CSC/Textures/T_TB1_Floor1_PBR_BaseColor.uexp" 915
"G:/Microsoft Visual Studio/Projects/Unreal_Engine/Tankogeddon/Content/CSC/Materials/M_TB1_Floor.uasset" 916
"G:/Microsoft Visual Studio/Projects/Unreal_Engine/Tankogeddon/Content/CSC/Materials/M_TB1_Floor.uexp" 917
"G:/Microsoft Visual Studio/Projects/Unreal_Engine/Tankogeddon/Content/StarterContent/Materials/M_Metal_Chrome.uasset" 918
"G:/Microsoft Visual Studio/Projects/Unreal_Engine/Tankogeddon/Content/StarterContent/Materials/M_Metal_Chrome.uexp" 919
"G:/Microsoft Visual Studio/Projects/Unreal_Engine/Tankogeddon/Content/BP_HEFProjectile.uasset" 920
"G:/Microsoft Visual Studio/Projects/Unreal_Engine/Tankogeddon/Content/BP_HEFProjectile.uexp" 921
"G:/Microsoft Visual Studio/Projects/Unreal_Engine/Tankogeddon/Content/BP_HEFProjectileCannon.uasset" 922
"G:/Microsoft Visual Studio/Projects/Unreal_Engine/Tankogeddon/Content/BP_HEFProjectileCannon.uexp" 923
"G:/Microsoft Visual Studio/Projects/Unreal_Engine/Tankogeddon/Content/StarterContent/Textures/T_Frame_M.ubulk" 924
"G:/Microsoft Visual Studio/Projects/Unreal_Engine/Tankogeddon/Content/StarterContent/Textures/T_Frame_M.uasset" 925
"G:/Microsoft Visual Studio/Projects/Unreal_Engine/Tankogeddon/Content/StarterContent/Textures/T_Frame_M.uexp" 926
"G:/Microsoft Visual Studio/Projects/Unreal_Engine/Tankogeddon/Content/StarterContent/Textures/T_Frame_N.ubulk" 927
"G:/Microsoft Visual Studio/Projects/Unreal_Engine/Tankogeddon/Content/StarterContent/Textures/T_Frame_N.uasset" 928
"G:/Microsoft Visual Studio/Projects/Unreal_Engine/Tankogeddon/Content/StarterContent/Textures/T_Frame_N.uexp" 929
"G:/Microsoft Visual Studio/Projects/Unreal_Engine/Tankogeddon/Content/StarterContent/Props/Materials/M_Frame.uasset" 930
"G:/Microsoft Visual Studio/Projects/Unreal_Engine/Tankogeddon/Content/StarterContent/Props/Materials/M_Frame.uexp" 931
"G:/Microsoft Visual Studio/Projects/Unreal_Engine/Tankogeddon/Content/StarterContent/Props/SM_DoorFrame.ubulk" 932
"G:/Microsoft Visual Studio/Projects/Unreal_Engine/Tankogeddon/Content/StarterContent/Props/SM_DoorFrame.uasset" 933
"G:/Microsoft Visual Studio/Projects/Unreal_Engine/Tankogeddon/Content/StarterContent/Props/SM_DoorFrame.uexp" 934
"G:/Microsoft Visual Studio/Projects/Unreal_Engine/Tankogeddon/Content/BP_MapLoader.uasset" 935
"G:/Microsoft Visual Studio/Projects/Unreal_Engine/Tankogeddon/Content/BP_MapLoader.uexp" 936
"G:/Microsoft Visual Studio/Projects/Unreal_Engine/Tankogeddon/Content/BP_PhysicsProjectile.uasset" 937
"G:/Microsoft Visual Studio/Projects/Unreal_Engine/Tankogeddon/Content/BP_PhysicsProjectile.uexp" 938
"G:/Microsoft Visual Studio/Projects/Unreal_Engine/Tankogeddon/Content/BP_Mortar.uasset" 939
"G:/Microsoft Visual Studio/Projects/Unreal_Engine/Tankogeddon/Content/BP_Mortar.uexp" 940
"G:/Microsoft Visual Studio/Projects/Unreal_Engine/Tankogeddon/Content/BP_MortarTurret.uasset" 941
"G:/Microsoft Visual Studio/Projects/Unreal_Engine/Tankogeddon/Content/BP_MortarTurret.uexp" 942
"G:/Microsoft Visual Studio/Projects/Unreal_Engine/Tankogeddon/Content/CSC/Textures/T_Tower_Emissive.ubulk" 943
"G:/Microsoft Visual Studio/Projects/Unreal_Engine/Tankogeddon/Content/CSC/Textures/T_Tower_Emissive.uasset" 944
"G:/Microsoft Visual Studio/Projects/Unreal_Engine/Tankogeddon/Content/CSC/Textures/T_Tower_Emissive.uexp" 945
"G:/Microsoft Visual Studio/Projects/Unreal_Engine/Tankogeddon/Content/CSC/Textures/T_Tower_Normal.ubulk" 946
"G:/Microsoft Visual Studio/Projects/Unreal_Engine/Tankogeddon/Content/CSC/Textures/T_Tower_Normal.uasset" 947
"G:/Microsoft Visual Studio/Projects/Unreal_Engine/Tankogeddon/Content/CSC/Textures/T_Tower_Normal.uexp" 948
"G:/Microsoft Visual Studio/Projects/Unreal_Engine/Tankogeddon/Content/CSC/Textures/T_Tower_BaseColor.ubulk" 949
"G:/Microsoft Visual Studio/Projects/Unreal_Engine/Tankogeddon/Content/CSC/Textures/T_Tower_BaseColor.uasset" 950
"G:/Microsoft Visual Studio/Projects/Unreal_Engine/Tankogeddon/Content/CSC/Textures/T_Tower_BaseColor.uexp" 951
"G:/Microsoft Visual Studio/Projects/Unreal_Engine/Tankogeddon/Content/CSC/Textures/T_Tower_OcclusionRoughnessMetallic.ubulk" 952
"G:/Microsoft Visual Studio/Projects/Unreal_Engine/Tankogeddon/Content/CSC/Textures/T_Tower_OcclusionRoughnessMetallic.uasset" 953
"G:/Microsoft Visual Studio/Projects/Unreal_Engine/Tankogeddon/Content/CSC/Textures/T_Tower_OcclusionRoughnessMetallic.uexp" 954
"G:/Microsoft Visual Studio/Projects/Unreal_Engine/Tankogeddon/Content/CSC/Materials/M_Tower.uasset" 955
"G:/Microsoft Visual Studio/Projects/Unreal_Engine/Tankogeddon/Content/CSC/Materials/M_Tower.uexp" 956
"G:/Microsoft Visual Studio/Projects/Unreal_Engine/Tankogeddon/Content/CSC/Meshes/SM_CSC_Tower1.ubulk" 957
"G:/Microsoft Visual Studio/Projects/Unreal_Engine/Tankogeddon/Content/CSC/Meshes/SM_CSC_Tower1.uasset" 958
"G:/Microsoft Visual Studio/Projects/Unreal_Engine/Tankogeddon/Content/CSC/Meshes/SM_CSC_Tower1.uexp" 959
"G:/Microsoft Visual Studio/Projects/Unreal_Engine/Tankogeddon/Content/CSC/Textures/T_ACS18_OcclusionRoughnessMetallic.ubulk" 960
"G:/Microsoft Visual Studio/Projects/Unreal_Engine/Tankogeddon/Content/CSC/Textures/T_ACS18_OcclusionRoughnessMetallic.uasset" 961
"G:/Microsoft Visual Studio/Projects/Unreal_Engine/Tankogeddon/Content/CSC/Textures/T_ACS18_OcclusionRoughnessMetallic.uexp" 962
"G:/Microsoft Visual Studio/Projects/Unreal_Engine/Tankogeddon/Content/CSC/Textures/T_ACS18_BaseColor.ubulk" 963
"G:/Microsoft Visual Studio/Projects/Unreal_Engine/Tankogeddon/Content/CSC/Textures/T_ACS18_BaseColor.uasset" 964
"G:/Microsoft Visual Studio/Projects/Unreal_Engine/Tankogeddon/Content/CSC/Textures/T_ACS18_BaseColor.uexp" 965
"G:/Microsoft Visual Studio/Projects/Unreal_Engine/Tankogeddon/Content/CSC/Textures/T_ACS18_Emissive.ubulk" 966
"G:/Microsoft Visual Studio/Projects/Unreal_Engine/Tankogeddon/Content/CSC/Textures/T_ACS18_Emissive.uasset" 967
"G:/Microsoft Visual Studio/Projects/Unreal_Engine/Tankogeddon/Content/CSC/Textures/T_ACS18_Emissive.uexp" 968
"G:/Microsoft Visual Studio/Projects/Unreal_Engine/Tankogeddon/Content/CSC/Textures/T_ACS18_Normal.ubulk" 969
"G:/Microsoft Visual Studio/Projects/Unreal_Engine/Tankogeddon/Content/CSC/Textures/T_ACS18_Normal.uasset" 970
"G:/Microsoft Visual Studio/Projects/Unreal_Engine/Tankogeddon/Content/CSC/Textures/T_ACS18_Normal.uexp" 971
"G:/Microsoft Visual Studio/Projects/Unreal_Engine/Tankogeddon/Content/CSC/Materials/M_ACS18.uasset" 972
"G:/Microsoft Visual Studio/Projects/Unreal_Engine/Tankogeddon/Content/CSC/Materials/M_ACS18.uexp" 973
"G:/Microsoft Visual Studio/Projects/Unreal_Engine/Tankogeddon/Content/CSC/Meshes/SM_CSC_Gun1.ubulk" 974
"G:/Microsoft Visual Studio/Projects/Unreal_Engine/Tankogeddon/Content/CSC/Meshes/SM_CSC_Gun1.uasset" 975
"G:/Microsoft Visual Studio/Projects/Unreal_Engine/Tankogeddon/Content/CSC/Meshes/SM_CSC_Gun1.uexp" 976
"G:/Microsoft Visual Studio/Projects/Unreal_Engine/Tankogeddon/Content/StarterContent/Textures/T_Metal_Gold_D.ubulk" 977
"G:/Microsoft Visual Studio/Projects/Unreal_Engine/Tankogeddon/Content/StarterContent/Textures/T_Metal_Gold_D.uasset" 978
"G:/Microsoft Visual Studio/Projects/Unreal_Engine/Tankogeddon/Content/StarterContent/Textures/T_Metal_Gold_D.uexp" 979
"G:/Microsoft Visual Studio/Projects/Unreal_Engine/Tankogeddon/Content/StarterContent/Materials/M_Metal_Gold.uasset" 980
"G:/Microsoft Visual Studio/Projects/Unreal_Engine/Tankogeddon/Content/StarterContent/Materials/M_Metal_Gold.uexp" 981
"G:/Microsoft Visual Studio/Projects/Unreal_Engine/Tankogeddon/Content/BP_ArmorPiercingProjectile.uasset" 982
"G:/Microsoft Visual Studio/Projects/Unreal_Engine/Tankogeddon/Content/BP_ArmorPiercingProjectile.uexp" 983
"G:/Microsoft Visual Studio/Projects/Unreal_Engine/Tankogeddon/Content/BP_ArmorPiercingProjectileCannon.uasset" 984
"G:/Microsoft Visual Studio/Projects/Unreal_Engine/Tankogeddon/Content/BP_ArmorPiercingProjectileCannon.uexp" 985
"G:/Microsoft Visual Studio/Projects/Unreal_Engine/Tankogeddon/Content/BP_Turret.uasset" 986
"G:/Microsoft Visual Studio/Projects/Unreal_Engine/Tankogeddon/Content/BP_Turret.uexp" 987
"G:/Microsoft Visual Studio/Projects/Unreal_Engine/Tankogeddon/Content/StarterContent/Textures/T_Tech_Hex_Tile_M.ubulk" 988
"G:/Microsoft Visual Studio/Projects/Unreal_Engine/Tankogeddon/Content/StarterContent/Textures/T_Tech_Hex_Tile_M.uasset" 989
"G:/Microsoft Visual Studio/Projects/Unreal_Engine/Tankogeddon/Content/StarterContent/Textures/T_Tech_Hex_Tile_M.uexp" 990
"G:/Microsoft Visual Studio/Projects/Unreal_Engine/Tankogeddon/Content/StarterContent/Textures/T_Tech_Hex_Tile_N.ubulk" 991
"G:/Microsoft Visual Studio/Projects/Unreal_Engine/Tankogeddon/Content/StarterContent/Textures/T_Tech_Hex_Tile_N.uasset" 992
"G:/Microsoft Visual Studio/Projects/Unreal_Engine/Tankogeddon/Content/StarterContent/Textures/T_Tech_Hex_Tile_N.uexp" 993
"G:/Microsoft Visual Studio/Projects/Unreal_Engine/Tankogeddon/Content/StarterContent/Materials/M_Tech_Hex_Tile_Pulse.uasset" 994
"G:/Microsoft Visual Studio/Projects/Unreal_Engine/Tankogeddon/Content/StarterContent/Materials/M_Tech_Hex_Tile_Pulse.uexp" 995
"G:/Microsoft Visual Studio/Projects/Unreal_Engine/Tankogeddon/Content/AddAmmoBox.uasset" 996
"G:/Microsoft Visual Studio/Projects/Unreal_Engine/Tankogeddon/Content/AddAmmoBox.uexp" 997
"G:/Microsoft Visual Studio/Projects/Unreal_Engine/Tankogeddon/Content/BP_TankPawn.uasset" 998
"G:/Microsoft Visual Studio/Projects/Unreal_Engine/Tankogeddon/Content/BP_TankPawn.uexp" 999
"G:/Microsoft Visual Studio/Projects/Unreal_Engine/Tankogeddon/Content/BP_TankogeddonGameMode.uasset" 1000
"G:/Microsoft Visual Studio/Projects/Unreal_Engine/Tankogeddon/Content/BP_TankogeddonGameMode.uexp" 1001
"../../../Engine/Content/EngineSky/M_SimpleSkyDome.uasset" 1002
"../../../Engine/Content/EngineSky/M_SimpleSkyDome.uexp" 1003
"G:/Microsoft Visual Studio/Projects/Unreal_Engine/Tankogeddon/Content/TestLevel.uexp" 1004
"G:/Microsoft Visual Studio/Projects/Unreal_Engine/Tankogeddon/Content/TestLevel.umap" 1005
